{"/app/apis/mercury/config/db.js": {"path":"/app/apis/mercury/config/db.js","statementMap":{"0":{"start":{"line":1,"column":0},"end":{"line":15,"column":1}}},"fnMap":{},"branchMap":{},"s":{"0":8},"f":{},"b":{},"_coverageSchema":"1a1c01bbd47fc00a2c39e90264f33305004495a9","hash":"8b1f5e6535d1b17e665c4395ad8cd75213995b77"}
,"/app/apis/mercury/src/errors.js": {"path":"/app/apis/mercury/src/errors.js","statementMap":{"0":{"start":{"line":3,"column":4},"end":{"line":3,"column":18}},"1":{"start":{"line":5,"column":4},"end":{"line":5,"column":37}},"2":{"start":{"line":6,"column":4},"end":{"line":6,"column":32}},"3":{"start":{"line":10,"column":4},"end":{"line":10,"column":51}},"4":{"start":{"line":16,"column":4},"end":{"line":16,"column":23}},"5":{"start":{"line":22,"column":4},"end":{"line":22,"column":23}},"6":{"start":{"line":26,"column":0},"end":{"line":30,"column":1}}},"fnMap":{"0":{"name":"(anonymous_0)","decl":{"start":{"line":2,"column":2},"end":{"line":2,"column":3}},"loc":{"start":{"line":2,"column":35},"end":{"line":11,"column":3}},"line":2},"1":{"name":"(anonymous_1)","decl":{"start":{"line":15,"column":2},"end":{"line":15,"column":3}},"loc":{"start":{"line":15,"column":23},"end":{"line":17,"column":3}},"line":15},"2":{"name":"(anonymous_2)","decl":{"start":{"line":21,"column":2},"end":{"line":21,"column":3}},"loc":{"start":{"line":21,"column":23},"end":{"line":23,"column":3}},"line":21}},"branchMap":{},"s":{"0":5,"1":5,"2":5,"3":5,"4":0,"5":3,"6":3},"f":{"0":5,"1":0,"2":3},"b":{},"_coverageSchema":"1a1c01bbd47fc00a2c39e90264f33305004495a9","hash":"e60fcd43b5ea1bdbacd1aa7659d89a3207f9cd3d"}
,"/app/apis/mercury/src/server.js": {"path":"/app/apis/mercury/src/server.js","statementMap":{"0":{"start":{"line":2,"column":20},"end":{"line":2,"column":46}},"1":{"start":{"line":3,"column":19},"end":{"line":3,"column":51}},"2":{"start":{"line":5,"column":16},"end":{"line":5,"column":34}},"3":{"start":{"line":7,"column":12},"end":{"line":7,"column":32}},"4":{"start":{"line":10,"column":13},"end":{"line":10,"column":36}},"5":{"start":{"line":13,"column":15},"end":{"line":13,"column":42}},"6":{"start":{"line":16,"column":28},"end":{"line":16,"column":61}},"7":{"start":{"line":19,"column":21},"end":{"line":19,"column":79}},"8":{"start":{"line":22,"column":17},"end":{"line":22,"column":39}},"9":{"start":{"line":24,"column":22},"end":{"line":24,"column":41}},"10":{"start":{"line":26,"column":24},"end":{"line":29,"column":1}},"11":{"start":{"line":27,"column":2},"end":{"line":27,"column":77}},"12":{"start":{"line":27,"column":30},"end":{"line":27,"column":77}},"13":{"start":{"line":28,"column":2},"end":{"line":28,"column":62}},"14":{"start":{"line":31,"column":21},"end":{"line":62,"column":1}},"15":{"start":{"line":32,"column":15},"end":{"line":32,"column":36}},"16":{"start":{"line":35,"column":2},"end":{"line":36,"column":64}},"17":{"start":{"line":36,"column":4},"end":{"line":36,"column":64}},"18":{"start":{"line":38,"column":2},"end":{"line":39,"column":65}},"19":{"start":{"line":39,"column":4},"end":{"line":39,"column":65}},"20":{"start":{"line":42,"column":2},"end":{"line":50,"column":4}},"21":{"start":{"line":46,"column":4},"end":{"line":49,"column":5}},"22":{"start":{"line":53,"column":2},"end":{"line":55,"column":4}},"23":{"start":{"line":57,"column":2},"end":{"line":59,"column":4}},"24":{"start":{"line":61,"column":2},"end":{"line":61,"column":13}},"25":{"start":{"line":65,"column":0},"end":{"line":120,"column":1}},"26":{"start":{"line":66,"column":41},"end":{"line":66,"column":48}},"27":{"start":{"line":68,"column":17},"end":{"line":68,"column":39}},"28":{"start":{"line":70,"column":2},"end":{"line":95,"column":4}},"29":{"start":{"line":78,"column":24},"end":{"line":78,"column":26}},"30":{"start":{"line":79,"column":24},"end":{"line":79,"column":54}},"31":{"start":{"line":81,"column":8},"end":{"line":81,"column":74}},"32":{"start":{"line":81,"column":33},"end":{"line":81,"column":74}},"33":{"start":{"line":83,"column":8},"end":{"line":86,"column":10}},"34":{"start":{"line":90,"column":6},"end":{"line":93,"column":8}},"35":{"start":{"line":97,"column":2},"end":{"line":100,"column":4}},"36":{"start":{"line":102,"column":2},"end":{"line":113,"column":4}},"37":{"start":{"line":103,"column":4},"end":{"line":112,"column":5}},"38":{"start":{"line":115,"column":2},"end":{"line":117,"column":4}},"39":{"start":{"line":116,"column":4},"end":{"line":116,"column":42}},"40":{"start":{"line":119,"column":2},"end":{"line":119,"column":15}}},"fnMap":{"0":{"name":"(anonymous_0)","decl":{"start":{"line":26,"column":24},"end":{"line":26,"column":25}},"loc":{"start":{"line":26,"column":36},"end":{"line":29,"column":1}},"line":26},"1":{"name":"(anonymous_1)","decl":{"start":{"line":31,"column":21},"end":{"line":31,"column":22}},"loc":{"start":{"line":31,"column":54},"end":{"line":62,"column":1}},"line":31},"2":{"name":"(anonymous_2)","decl":{"start":{"line":45,"column":10},"end":{"line":45,"column":11}},"loc":{"start":{"line":45,"column":39},"end":{"line":50,"column":3}},"line":45},"3":{"name":"(anonymous_3)","decl":{"start":{"line":65,"column":17},"end":{"line":65,"column":18}},"loc":{"start":{"line":65,"column":36},"end":{"line":120,"column":1}},"line":65},"4":{"name":"(anonymous_4)","decl":{"start":{"line":77,"column":17},"end":{"line":77,"column":18}},"loc":{"start":{"line":77,"column":45},"end":{"line":87,"column":7}},"line":77},"5":{"name":"(anonymous_5)","decl":{"start":{"line":89,"column":13},"end":{"line":89,"column":14}},"loc":{"start":{"line":89,"column":40},"end":{"line":94,"column":5}},"line":89},"6":{"name":"(anonymous_6)","decl":{"start":{"line":102,"column":18},"end":{"line":102,"column":19}},"loc":{"start":{"line":102,"column":38},"end":{"line":113,"column":3}},"line":102},"7":{"name":"(anonymous_7)","decl":{"start":{"line":115,"column":24},"end":{"line":115,"column":25}},"loc":{"start":{"line":115,"column":44},"end":{"line":117,"column":3}},"line":115}},"branchMap":{"0":{"loc":{"start":{"line":27,"column":2},"end":{"line":27,"column":77}},"type":"if","locations":[{"start":{"line":27,"column":2},"end":{"line":27,"column":77}},{"start":{"line":27,"column":2},"end":{"line":27,"column":77}}],"line":27},"1":{"loc":{"start":{"line":35,"column":2},"end":{"line":36,"column":64}},"type":"if","locations":[{"start":{"line":35,"column":2},"end":{"line":36,"column":64}},{"start":{"line":35,"column":2},"end":{"line":36,"column":64}}],"line":35},"2":{"loc":{"start":{"line":38,"column":2},"end":{"line":39,"column":65}},"type":"if","locations":[{"start":{"line":38,"column":2},"end":{"line":39,"column":65}},{"start":{"line":38,"column":2},"end":{"line":39,"column":65}}],"line":38},"3":{"loc":{"start":{"line":72,"column":14},"end":{"line":72,"column":48}},"type":"binary-expr","locations":[{"start":{"line":72,"column":14},"end":{"line":72,"column":32}},{"start":{"line":72,"column":36},"end":{"line":72,"column":48}}],"line":72},"4":{"loc":{"start":{"line":79,"column":24},"end":{"line":79,"column":54}},"type":"binary-expr","locations":[{"start":{"line":79,"column":24},"end":{"line":79,"column":48}},{"start":{"line":79,"column":52},"end":{"line":79,"column":54}}],"line":79}},"s":{"0":1,"1":1,"2":1,"3":1,"4":1,"5":1,"6":1,"7":1,"8":1,"9":1,"10":1,"11":2,"12":0,"13":2,"14":1,"15":3,"16":3,"17":1,"18":2,"19":0,"20":2,"21":1,"22":1,"23":1,"24":1,"25":1,"26":1,"27":1,"28":1,"29":0,"30":0,"31":0,"32":0,"33":0,"34":3,"35":1,"36":1,"37":1,"38":1,"39":1,"40":1},"f":{"0":2,"1":3,"2":1,"3":1,"4":0,"5":3,"6":1,"7":1},"b":{"0":[0,2],"1":[1,2],"2":[0,2],"3":[1,1],"4":[0,0]},"_coverageSchema":"1a1c01bbd47fc00a2c39e90264f33305004495a9","hash":"035e753db431a44fe28e01f8088f78f91d192f05"}
,"/app/apis/mercury/src/controllers/processingSteps.js": {"path":"/app/apis/mercury/src/controllers/processingSteps.js","statementMap":{"0":{"start":{"line":1,"column":27},"end":{"line":1,"column":50}},"1":{"start":{"line":2,"column":33},"end":{"line":2,"column":75}},"2":{"start":{"line":4,"column":17},"end":{"line":4,"column":19}},"3":{"start":{"line":7,"column":16},"end":{"line":7,"column":45}},"4":{"start":{"line":8,"column":15},"end":{"line":8,"column":29}},"5":{"start":{"line":9,"column":18},"end":{"line":9,"column":42}},"6":{"start":{"line":13,"column":2},"end":{"line":15,"column":3}},"7":{"start":{"line":14,"column":4},"end":{"line":14,"column":25}},"8":{"start":{"line":17,"column":2},"end":{"line":17,"column":74}},"9":{"start":{"line":21,"column":15},"end":{"line":21,"column":48}},"10":{"start":{"line":22,"column":2},"end":{"line":22,"column":66}},"11":{"start":{"line":22,"column":13},"end":{"line":22,"column":66}},"12":{"start":{"line":24,"column":2},"end":{"line":26,"column":3}},"13":{"start":{"line":25,"column":4},"end":{"line":25,"column":75}},"14":{"start":{"line":28,"column":18},"end":{"line":28,"column":36}},"15":{"start":{"line":30,"column":2},"end":{"line":30,"column":37}},"16":{"start":{"line":30,"column":15},"end":{"line":30,"column":37}},"17":{"start":{"line":31,"column":2},"end":{"line":31,"column":28}},"18":{"start":{"line":31,"column":12},"end":{"line":31,"column":28}},"19":{"start":{"line":32,"column":2},"end":{"line":32,"column":28}},"20":{"start":{"line":32,"column":12},"end":{"line":32,"column":28}},"21":{"start":{"line":33,"column":2},"end":{"line":33,"column":13}},"22":{"start":{"line":35,"column":2},"end":{"line":35,"column":13}},"23":{"start":{"line":38,"column":0},"end":{"line":41,"column":1}}},"fnMap":{"0":{"name":"index","decl":{"start":{"line":6,"column":15},"end":{"line":6,"column":20}},"loc":{"start":{"line":6,"column":39},"end":{"line":18,"column":1}},"line":6},"1":{"name":"update","decl":{"start":{"line":20,"column":15},"end":{"line":20,"column":21}},"loc":{"start":{"line":20,"column":76},"end":{"line":36,"column":1}},"line":20}},"branchMap":{"0":{"loc":{"start":{"line":8,"column":15},"end":{"line":8,"column":29}},"type":"binary-expr","locations":[{"start":{"line":8,"column":15},"end":{"line":8,"column":24}},{"start":{"line":8,"column":28},"end":{"line":8,"column":29}}],"line":8},"1":{"loc":{"start":{"line":9,"column":18},"end":{"line":9,"column":42}},"type":"binary-expr","locations":[{"start":{"line":9,"column":18},"end":{"line":9,"column":30}},{"start":{"line":9,"column":34},"end":{"line":9,"column":42}}],"line":9},"2":{"loc":{"start":{"line":13,"column":2},"end":{"line":15,"column":3}},"type":"if","locations":[{"start":{"line":13,"column":2},"end":{"line":15,"column":3}},{"start":{"line":13,"column":2},"end":{"line":15,"column":3}}],"line":13},"3":{"loc":{"start":{"line":22,"column":2},"end":{"line":22,"column":66}},"type":"if","locations":[{"start":{"line":22,"column":2},"end":{"line":22,"column":66}},{"start":{"line":22,"column":2},"end":{"line":22,"column":66}}],"line":22},"4":{"loc":{"start":{"line":24,"column":2},"end":{"line":26,"column":3}},"type":"if","locations":[{"start":{"line":24,"column":2},"end":{"line":26,"column":3}},{"start":{"line":24,"column":2},"end":{"line":26,"column":3}}],"line":24},"5":{"loc":{"start":{"line":30,"column":2},"end":{"line":30,"column":37}},"type":"if","locations":[{"start":{"line":30,"column":2},"end":{"line":30,"column":37}},{"start":{"line":30,"column":2},"end":{"line":30,"column":37}}],"line":30},"6":{"loc":{"start":{"line":31,"column":2},"end":{"line":31,"column":28}},"type":"if","locations":[{"start":{"line":31,"column":2},"end":{"line":31,"column":28}},{"start":{"line":31,"column":2},"end":{"line":31,"column":28}}],"line":31},"7":{"loc":{"start":{"line":32,"column":2},"end":{"line":32,"column":28}},"type":"if","locations":[{"start":{"line":32,"column":2},"end":{"line":32,"column":28}},{"start":{"line":32,"column":2},"end":{"line":32,"column":28}}],"line":32}},"s":{"0":3,"1":3,"2":3,"3":9,"4":9,"5":9,"6":9,"7":7,"8":9,"9":2,"10":2,"11":0,"12":2,"13":0,"14":2,"15":2,"16":0,"17":2,"18":0,"19":2,"20":2,"21":2,"22":2,"23":3},"f":{"0":9,"1":2},"b":{"0":[9,8],"1":[9,9],"2":[7,2],"3":[0,2],"4":[0,2],"5":[0,2],"6":[0,2],"7":[2,0]},"_coverageSchema":"1a1c01bbd47fc00a2c39e90264f33305004495a9","hash":"9e5f4d97e2487ebeb90b80e501875601f41b6590"}
,"/app/apis/mercury/src/controllers/requests.js": {"path":"/app/apis/mercury/src/controllers/requests.js","statementMap":{"0":{"start":{"line":2,"column":36},"end":{"line":2,"column":59}},"1":{"start":{"line":3,"column":24},"end":{"line":3,"column":50}},"2":{"start":{"line":4,"column":15},"end":{"line":4,"column":35}},"3":{"start":{"line":5,"column":42},"end":{"line":5,"column":62}},"4":{"start":{"line":6,"column":26},"end":{"line":6,"column":61}},"5":{"start":{"line":8,"column":20},"end":{"line":12,"column":1}},"6":{"start":{"line":9,"column":18},"end":{"line":9,"column":44}},"7":{"start":{"line":10,"column":2},"end":{"line":10,"column":61}},"8":{"start":{"line":10,"column":16},"end":{"line":10,"column":61}},"9":{"start":{"line":11,"column":2},"end":{"line":11,"column":16}},"10":{"start":{"line":14,"column":26},"end":{"line":22,"column":1}},"11":{"start":{"line":24,"column":17},"end":{"line":24,"column":19}},"12":{"start":{"line":27,"column":22},"end":{"line":27,"column":47}},"13":{"start":{"line":28,"column":16},"end":{"line":28,"column":18}},"14":{"start":{"line":30,"column":15},"end":{"line":30,"column":39}},"15":{"start":{"line":31,"column":18},"end":{"line":31,"column":52}},"16":{"start":{"line":34,"column":2},"end":{"line":36,"column":3}},"17":{"start":{"line":35,"column":4},"end":{"line":35,"column":38}},"18":{"start":{"line":38,"column":2},"end":{"line":38,"column":75}},"19":{"start":{"line":38,"column":37},"end":{"line":38,"column":74}},"20":{"start":{"line":39,"column":2},"end":{"line":39,"column":67}},"21":{"start":{"line":39,"column":22},"end":{"line":39,"column":67}},"22":{"start":{"line":40,"column":2},"end":{"line":40,"column":67}},"23":{"start":{"line":40,"column":22},"end":{"line":40,"column":67}},"24":{"start":{"line":42,"column":2},"end":{"line":44,"column":3}},"25":{"start":{"line":43,"column":4},"end":{"line":43,"column":76}},"26":{"start":{"line":43,"column":51},"end":{"line":43,"column":75}},"27":{"start":{"line":47,"column":2},"end":{"line":50,"column":3}},"28":{"start":{"line":47,"column":35},"end":{"line":47,"column":55}},"29":{"start":{"line":48,"column":4},"end":{"line":48,"column":23}},"30":{"start":{"line":49,"column":4},"end":{"line":49,"column":37}},"31":{"start":{"line":52,"column":2},"end":{"line":60,"column":3}},"32":{"start":{"line":53,"column":4},"end":{"line":59,"column":5}},"33":{"start":{"line":62,"column":2},"end":{"line":68,"column":4}},"34":{"start":{"line":72,"column":2},"end":{"line":74,"column":52}},"35":{"start":{"line":74,"column":22},"end":{"line":74,"column":51}},"36":{"start":{"line":74,"column":40},"end":{"line":74,"column":50}},"37":{"start":{"line":81,"column":2},"end":{"line":83,"column":3}},"38":{"start":{"line":82,"column":4},"end":{"line":82,"column":75}},"39":{"start":{"line":85,"column":30},"end":{"line":85,"column":42}},"40":{"start":{"line":86,"column":22},"end":{"line":95,"column":3}},"41":{"start":{"line":97,"column":18},"end":{"line":97,"column":51}},"42":{"start":{"line":98,"column":2},"end":{"line":105,"column":3}},"43":{"start":{"line":99,"column":17},"end":{"line":104,"column":6}},"44":{"start":{"line":107,"column":2},"end":{"line":107,"column":16}},"45":{"start":{"line":111,"column":16},"end":{"line":111,"column":37}},"46":{"start":{"line":112,"column":20},"end":{"line":112,"column":43}},"47":{"start":{"line":113,"column":2},"end":{"line":120,"column":3}},"48":{"start":{"line":119,"column":4},"end":{"line":119,"column":78}},"49":{"start":{"line":121,"column":2},"end":{"line":121,"column":35}},"50":{"start":{"line":125,"column":19},"end":{"line":125,"column":59}},"51":{"start":{"line":127,"column":2},"end":{"line":133,"column":3}},"52":{"start":{"line":128,"column":4},"end":{"line":132,"column":5}},"53":{"start":{"line":129,"column":6},"end":{"line":131,"column":7}},"54":{"start":{"line":135,"column":2},"end":{"line":135,"column":49}},"55":{"start":{"line":142,"column":18},"end":{"line":142,"column":46}},"56":{"start":{"line":144,"column":2},"end":{"line":148,"column":3}},"57":{"start":{"line":145,"column":4},"end":{"line":147,"column":5}},"58":{"start":{"line":150,"column":15},"end":{"line":155,"column":4}},"59":{"start":{"line":156,"column":2},"end":{"line":156,"column":26}},"60":{"start":{"line":160,"column":18},"end":{"line":160,"column":46}},"61":{"start":{"line":161,"column":20},"end":{"line":161,"column":43}},"62":{"start":{"line":163,"column":2},"end":{"line":167,"column":3}},"63":{"start":{"line":164,"column":4},"end":{"line":166,"column":5}},"64":{"start":{"line":169,"column":15},"end":{"line":174,"column":4}},"65":{"start":{"line":175,"column":2},"end":{"line":175,"column":26}},"66":{"start":{"line":179,"column":18},"end":{"line":179,"column":46}},"67":{"start":{"line":181,"column":2},"end":{"line":185,"column":3}},"68":{"start":{"line":182,"column":4},"end":{"line":184,"column":5}},"69":{"start":{"line":187,"column":15},"end":{"line":192,"column":4}},"70":{"start":{"line":193,"column":2},"end":{"line":193,"column":26}},"71":{"start":{"line":197,"column":18},"end":{"line":197,"column":46}},"72":{"start":{"line":199,"column":2},"end":{"line":201,"column":3}},"73":{"start":{"line":200,"column":4},"end":{"line":200,"column":72}},"74":{"start":{"line":203,"column":15},"end":{"line":208,"column":4}},"75":{"start":{"line":209,"column":2},"end":{"line":209,"column":26}},"76":{"start":{"line":216,"column":18},"end":{"line":216,"column":46}},"77":{"start":{"line":217,"column":20},"end":{"line":217,"column":43}},"78":{"start":{"line":219,"column":2},"end":{"line":221,"column":3}},"79":{"start":{"line":220,"column":4},"end":{"line":220,"column":65}},"80":{"start":{"line":223,"column":15},"end":{"line":229,"column":4}},"81":{"start":{"line":230,"column":2},"end":{"line":230,"column":26}},"82":{"start":{"line":234,"column":18},"end":{"line":234,"column":46}},"83":{"start":{"line":236,"column":2},"end":{"line":238,"column":3}},"84":{"start":{"line":237,"column":4},"end":{"line":237,"column":79}},"85":{"start":{"line":240,"column":15},"end":{"line":245,"column":4}},"86":{"start":{"line":246,"column":2},"end":{"line":246,"column":26}},"87":{"start":{"line":250,"column":18},"end":{"line":250,"column":46}},"88":{"start":{"line":252,"column":2},"end":{"line":254,"column":3}},"89":{"start":{"line":253,"column":4},"end":{"line":253,"column":78}},"90":{"start":{"line":256,"column":15},"end":{"line":261,"column":4}},"91":{"start":{"line":262,"column":2},"end":{"line":262,"column":26}},"92":{"start":{"line":266,"column":18},"end":{"line":266,"column":46}},"93":{"start":{"line":268,"column":2},"end":{"line":270,"column":3}},"94":{"start":{"line":269,"column":4},"end":{"line":269,"column":77}},"95":{"start":{"line":272,"column":15},"end":{"line":277,"column":4}},"96":{"start":{"line":278,"column":2},"end":{"line":278,"column":26}},"97":{"start":{"line":282,"column":18},"end":{"line":282,"column":46}},"98":{"start":{"line":283,"column":20},"end":{"line":283,"column":43}},"99":{"start":{"line":285,"column":2},"end":{"line":287,"column":3}},"100":{"start":{"line":286,"column":4},"end":{"line":286,"column":79}},"101":{"start":{"line":289,"column":15},"end":{"line":294,"column":4}},"102":{"start":{"line":295,"column":2},"end":{"line":295,"column":26}},"103":{"start":{"line":298,"column":0},"end":{"line":313,"column":1}}},"fnMap":{"0":{"name":"(anonymous_0)","decl":{"start":{"line":8,"column":20},"end":{"line":8,"column":21}},"loc":{"start":{"line":8,"column":34},"end":{"line":12,"column":1}},"line":8},"1":{"name":"index","decl":{"start":{"line":26,"column":15},"end":{"line":26,"column":20}},"loc":{"start":{"line":26,"column":52},"end":{"line":69,"column":1}},"line":26},"2":{"name":"(anonymous_2)","decl":{"start":{"line":38,"column":28},"end":{"line":38,"column":29}},"loc":{"start":{"line":38,"column":37},"end":{"line":38,"column":74}},"line":38},"3":{"name":"(anonymous_3)","decl":{"start":{"line":43,"column":42},"end":{"line":43,"column":43}},"loc":{"start":{"line":43,"column":51},"end":{"line":43,"column":75}},"line":43},"4":{"name":"(anonymous_4)","decl":{"start":{"line":47,"column":28},"end":{"line":47,"column":29}},"loc":{"start":{"line":47,"column":35},"end":{"line":47,"column":55}},"line":47},"5":{"name":"regions","decl":{"start":{"line":71,"column":15},"end":{"line":71,"column":22}},"loc":{"start":{"line":71,"column":25},"end":{"line":75,"column":1}},"line":71},"6":{"name":"(anonymous_6)","decl":{"start":{"line":74,"column":10},"end":{"line":74,"column":11}},"loc":{"start":{"line":74,"column":22},"end":{"line":74,"column":51}},"line":74},"7":{"name":"(anonymous_7)","decl":{"start":{"line":74,"column":33},"end":{"line":74,"column":34}},"loc":{"start":{"line":74,"column":40},"end":{"line":74,"column":50}},"line":74},"8":{"name":"create","decl":{"start":{"line":77,"column":15},"end":{"line":77,"column":21}},"loc":{"start":{"line":80,"column":2},"end":{"line":108,"column":1}},"line":80},"9":{"name":"update","decl":{"start":{"line":110,"column":15},"end":{"line":110,"column":21}},"loc":{"start":{"line":110,"column":72},"end":{"line":122,"column":1}},"line":110},"10":{"name":"destroy","decl":{"start":{"line":124,"column":15},"end":{"line":124,"column":22}},"loc":{"start":{"line":124,"column":51},"end":{"line":136,"column":1}},"line":124},"11":{"name":"startProcessing","decl":{"start":{"line":138,"column":15},"end":{"line":138,"column":30}},"loc":{"start":{"line":141,"column":2},"end":{"line":157,"column":1}},"line":141},"12":{"name":"addNote","decl":{"start":{"line":159,"column":15},"end":{"line":159,"column":22}},"loc":{"start":{"line":159,"column":72},"end":{"line":176,"column":1}},"line":159},"13":{"name":"process","decl":{"start":{"line":178,"column":15},"end":{"line":178,"column":22}},"loc":{"start":{"line":178,"column":68},"end":{"line":194,"column":1}},"line":178},"14":{"name":"askRequester","decl":{"start":{"line":196,"column":15},"end":{"line":196,"column":27}},"loc":{"start":{"line":196,"column":77},"end":{"line":210,"column":1}},"line":196},"15":{"name":"answer","decl":{"start":{"line":212,"column":15},"end":{"line":212,"column":21}},"loc":{"start":{"line":215,"column":2},"end":{"line":231,"column":1}},"line":215},"16":{"name":"approve","decl":{"start":{"line":233,"column":15},"end":{"line":233,"column":22}},"loc":{"start":{"line":233,"column":78},"end":{"line":247,"column":1}},"line":233},"17":{"name":"reject","decl":{"start":{"line":249,"column":15},"end":{"line":249,"column":21}},"loc":{"start":{"line":249,"column":77},"end":{"line":263,"column":1}},"line":249},"18":{"name":"close","decl":{"start":{"line":265,"column":15},"end":{"line":265,"column":20}},"loc":{"start":{"line":265,"column":76},"end":{"line":279,"column":1}},"line":265},"19":{"name":"reopen","decl":{"start":{"line":281,"column":15},"end":{"line":281,"column":21}},"loc":{"start":{"line":281,"column":77},"end":{"line":296,"column":1}},"line":281}},"branchMap":{"0":{"loc":{"start":{"line":10,"column":2},"end":{"line":10,"column":61}},"type":"if","locations":[{"start":{"line":10,"column":2},"end":{"line":10,"column":61}},{"start":{"line":10,"column":2},"end":{"line":10,"column":61}}],"line":10},"1":{"loc":{"start":{"line":30,"column":15},"end":{"line":30,"column":39}},"type":"binary-expr","locations":[{"start":{"line":30,"column":15},"end":{"line":30,"column":34}},{"start":{"line":30,"column":38},"end":{"line":30,"column":39}}],"line":30},"2":{"loc":{"start":{"line":31,"column":18},"end":{"line":31,"column":52}},"type":"binary-expr","locations":[{"start":{"line":31,"column":18},"end":{"line":31,"column":40}},{"start":{"line":31,"column":44},"end":{"line":31,"column":52}}],"line":31},"3":{"loc":{"start":{"line":34,"column":2},"end":{"line":36,"column":3}},"type":"if","locations":[{"start":{"line":34,"column":2},"end":{"line":36,"column":3}},{"start":{"line":34,"column":2},"end":{"line":36,"column":3}}],"line":34},"4":{"loc":{"start":{"line":38,"column":37},"end":{"line":38,"column":74}},"type":"binary-expr","locations":[{"start":{"line":38,"column":37},"end":{"line":38,"column":46}},{"start":{"line":38,"column":51},"end":{"line":38,"column":73}}],"line":38},"5":{"loc":{"start":{"line":39,"column":2},"end":{"line":39,"column":67}},"type":"if","locations":[{"start":{"line":39,"column":2},"end":{"line":39,"column":67}},{"start":{"line":39,"column":2},"end":{"line":39,"column":67}}],"line":39},"6":{"loc":{"start":{"line":40,"column":2},"end":{"line":40,"column":67}},"type":"if","locations":[{"start":{"line":40,"column":2},"end":{"line":40,"column":67}},{"start":{"line":40,"column":2},"end":{"line":40,"column":67}}],"line":40},"7":{"loc":{"start":{"line":42,"column":2},"end":{"line":44,"column":3}},"type":"if","locations":[{"start":{"line":42,"column":2},"end":{"line":44,"column":3}},{"start":{"line":42,"column":2},"end":{"line":44,"column":3}}],"line":42},"8":{"loc":{"start":{"line":47,"column":2},"end":{"line":50,"column":3}},"type":"if","locations":[{"start":{"line":47,"column":2},"end":{"line":50,"column":3}},{"start":{"line":47,"column":2},"end":{"line":50,"column":3}}],"line":47},"9":{"loc":{"start":{"line":47,"column":6},"end":{"line":47,"column":56}},"type":"binary-expr","locations":[{"start":{"line":47,"column":6},"end":{"line":47,"column":12}},{"start":{"line":47,"column":16},"end":{"line":47,"column":56}}],"line":47},"10":{"loc":{"start":{"line":48,"column":12},"end":{"line":48,"column":23}},"type":"binary-expr","locations":[{"start":{"line":48,"column":12},"end":{"line":48,"column":17}},{"start":{"line":48,"column":21},"end":{"line":48,"column":23}}],"line":48},"11":{"loc":{"start":{"line":52,"column":2},"end":{"line":60,"column":3}},"type":"if","locations":[{"start":{"line":52,"column":2},"end":{"line":60,"column":3}},{"start":{"line":52,"column":2},"end":{"line":60,"column":3}}],"line":52},"12":{"loc":{"start":{"line":56,"column":13},"end":{"line":56,"column":74}},"type":"cond-expr","locations":[{"start":{"line":56,"column":45},"end":{"line":56,"column":47}},{"start":{"line":56,"column":50},"end":{"line":56,"column":74}}],"line":56},"13":{"loc":{"start":{"line":57,"column":13},"end":{"line":57,"column":58}},"type":"cond-expr","locations":[{"start":{"line":57,"column":28},"end":{"line":57,"column":37}},{"start":{"line":57,"column":40},"end":{"line":57,"column":58}}],"line":57},"14":{"loc":{"start":{"line":81,"column":2},"end":{"line":83,"column":3}},"type":"if","locations":[{"start":{"line":81,"column":2},"end":{"line":83,"column":3}},{"start":{"line":81,"column":2},"end":{"line":83,"column":3}}],"line":81},"15":{"loc":{"start":{"line":91,"column":14},"end":{"line":91,"column":47}},"type":"binary-expr","locations":[{"start":{"line":91,"column":14},"end":{"line":91,"column":33}},{"start":{"line":91,"column":37},"end":{"line":91,"column":47}}],"line":91},"16":{"loc":{"start":{"line":92,"column":16},"end":{"line":92,"column":53}},"type":"binary-expr","locations":[{"start":{"line":92,"column":16},"end":{"line":92,"column":37}},{"start":{"line":92,"column":41},"end":{"line":92,"column":53}}],"line":92},"17":{"loc":{"start":{"line":98,"column":2},"end":{"line":105,"column":3}},"type":"if","locations":[{"start":{"line":98,"column":2},"end":{"line":105,"column":3}},{"start":{"line":98,"column":2},"end":{"line":105,"column":3}}],"line":98},"18":{"loc":{"start":{"line":113,"column":2},"end":{"line":120,"column":3}},"type":"if","locations":[{"start":{"line":113,"column":2},"end":{"line":120,"column":3}},{"start":{"line":113,"column":2},"end":{"line":120,"column":3}}],"line":113},"19":{"loc":{"start":{"line":115,"column":6},"end":{"line":116,"column":44}},"type":"binary-expr","locations":[{"start":{"line":115,"column":6},"end":{"line":115,"column":56}},{"start":{"line":116,"column":6},"end":{"line":116,"column":44}}],"line":115},"20":{"loc":{"start":{"line":128,"column":4},"end":{"line":132,"column":5}},"type":"if","locations":[{"start":{"line":128,"column":4},"end":{"line":132,"column":5}},{"start":{"line":128,"column":4},"end":{"line":132,"column":5}}],"line":128},"21":{"loc":{"start":{"line":144,"column":2},"end":{"line":148,"column":3}},"type":"if","locations":[{"start":{"line":144,"column":2},"end":{"line":148,"column":3}},{"start":{"line":144,"column":2},"end":{"line":148,"column":3}}],"line":144},"22":{"loc":{"start":{"line":152,"column":10},"end":{"line":152,"column":24}},"type":"binary-expr","locations":[{"start":{"line":152,"column":10},"end":{"line":152,"column":14}},{"start":{"line":152,"column":18},"end":{"line":152,"column":24}}],"line":152},"23":{"loc":{"start":{"line":163,"column":2},"end":{"line":167,"column":3}},"type":"if","locations":[{"start":{"line":163,"column":2},"end":{"line":167,"column":3}},{"start":{"line":163,"column":2},"end":{"line":167,"column":3}}],"line":163},"24":{"loc":{"start":{"line":181,"column":2},"end":{"line":185,"column":3}},"type":"if","locations":[{"start":{"line":181,"column":2},"end":{"line":185,"column":3}},{"start":{"line":181,"column":2},"end":{"line":185,"column":3}}],"line":181},"25":{"loc":{"start":{"line":189,"column":10},"end":{"line":189,"column":24}},"type":"binary-expr","locations":[{"start":{"line":189,"column":10},"end":{"line":189,"column":14}},{"start":{"line":189,"column":18},"end":{"line":189,"column":24}}],"line":189},"26":{"loc":{"start":{"line":190,"column":10},"end":{"line":190,"column":26}},"type":"binary-expr","locations":[{"start":{"line":190,"column":10},"end":{"line":190,"column":14}},{"start":{"line":190,"column":18},"end":{"line":190,"column":26}}],"line":190},"27":{"loc":{"start":{"line":199,"column":2},"end":{"line":201,"column":3}},"type":"if","locations":[{"start":{"line":199,"column":2},"end":{"line":201,"column":3}},{"start":{"line":199,"column":2},"end":{"line":201,"column":3}}],"line":199},"28":{"loc":{"start":{"line":219,"column":2},"end":{"line":221,"column":3}},"type":"if","locations":[{"start":{"line":219,"column":2},"end":{"line":221,"column":3}},{"start":{"line":219,"column":2},"end":{"line":221,"column":3}}],"line":219},"29":{"loc":{"start":{"line":236,"column":2},"end":{"line":238,"column":3}},"type":"if","locations":[{"start":{"line":236,"column":2},"end":{"line":238,"column":3}},{"start":{"line":236,"column":2},"end":{"line":238,"column":3}}],"line":236},"30":{"loc":{"start":{"line":242,"column":10},"end":{"line":242,"column":24}},"type":"binary-expr","locations":[{"start":{"line":242,"column":10},"end":{"line":242,"column":14}},{"start":{"line":242,"column":18},"end":{"line":242,"column":24}}],"line":242},"31":{"loc":{"start":{"line":252,"column":2},"end":{"line":254,"column":3}},"type":"if","locations":[{"start":{"line":252,"column":2},"end":{"line":254,"column":3}},{"start":{"line":252,"column":2},"end":{"line":254,"column":3}}],"line":252},"32":{"loc":{"start":{"line":258,"column":10},"end":{"line":258,"column":24}},"type":"binary-expr","locations":[{"start":{"line":258,"column":10},"end":{"line":258,"column":14}},{"start":{"line":258,"column":18},"end":{"line":258,"column":24}}],"line":258},"33":{"loc":{"start":{"line":268,"column":2},"end":{"line":270,"column":3}},"type":"if","locations":[{"start":{"line":268,"column":2},"end":{"line":270,"column":3}},{"start":{"line":268,"column":2},"end":{"line":270,"column":3}}],"line":268},"34":{"loc":{"start":{"line":274,"column":10},"end":{"line":274,"column":24}},"type":"binary-expr","locations":[{"start":{"line":274,"column":10},"end":{"line":274,"column":14}},{"start":{"line":274,"column":18},"end":{"line":274,"column":24}}],"line":274},"35":{"loc":{"start":{"line":285,"column":2},"end":{"line":287,"column":3}},"type":"if","locations":[{"start":{"line":285,"column":2},"end":{"line":287,"column":3}},{"start":{"line":285,"column":2},"end":{"line":287,"column":3}}],"line":285},"36":{"loc":{"start":{"line":291,"column":10},"end":{"line":291,"column":24}},"type":"binary-expr","locations":[{"start":{"line":291,"column":10},"end":{"line":291,"column":14}},{"start":{"line":291,"column":18},"end":{"line":291,"column":24}}],"line":291}},"s":{"0":3,"1":3,"2":3,"3":3,"4":3,"5":3,"6":13,"7":13,"8":0,"9":13,"10":3,"11":3,"12":39,"13":39,"14":39,"15":39,"16":39,"17":21,"18":39,"19":273,"20":39,"21":2,"22":39,"23":2,"24":39,"25":0,"26":0,"27":39,"28":0,"29":39,"30":39,"31":39,"32":0,"33":39,"34":1,"35":1,"36":2,"37":5,"38":0,"39":5,"40":5,"41":5,"42":5,"43":2,"44":5,"45":3,"46":3,"47":3,"48":0,"49":3,"50":4,"51":4,"52":5,"53":2,"54":2,"55":2,"56":2,"57":1,"58":1,"59":1,"60":1,"61":1,"62":1,"63":0,"64":1,"65":1,"66":1,"67":1,"68":0,"69":1,"70":1,"71":1,"72":1,"73":0,"74":1,"75":1,"76":1,"77":1,"78":1,"79":0,"80":1,"81":1,"82":1,"83":1,"84":0,"85":1,"86":1,"87":1,"88":1,"89":0,"90":1,"91":1,"92":1,"93":1,"94":0,"95":1,"96":1,"97":1,"98":1,"99":1,"100":0,"101":1,"102":1,"103":3},"f":{"0":13,"1":39,"2":273,"3":0,"4":0,"5":1,"6":1,"7":2,"8":5,"9":3,"10":4,"11":2,"12":1,"13":1,"14":1,"15":1,"16":1,"17":1,"18":1,"19":1},"b":{"0":[0,13],"1":[39,39],"2":[39,39],"3":[21,18],"4":[273,28],"5":[2,37],"6":[2,37],"7":[0,39],"8":[39,0],"9":[39,0],"10":[39,39],"11":[0,39],"12":[0,0],"13":[0,0],"14":[0,5],"15":[5,1],"16":[5,1],"17":[2,3],"18":[0,3],"19":[3,3],"20":[2,3],"21":[1,1],"22":[1,1],"23":[0,1],"24":[0,1],"25":[1,1],"26":[1,1],"27":[0,1],"28":[0,1],"29":[0,1],"30":[1,1],"31":[0,1],"32":[1,1],"33":[0,1],"34":[1,1],"35":[0,1],"36":[1,1]},"_coverageSchema":"1a1c01bbd47fc00a2c39e90264f33305004495a9","hash":"2b5eba03716084a12f1d058137c7798da5e34c38"}
,"/app/apis/mercury/src/controllers/usePagination.js": {"path":"/app/apis/mercury/src/controllers/usePagination.js","statementMap":{"0":{"start":{"line":2,"column":0},"end":{"line":29,"column":2}},"1":{"start":{"line":2,"column":29},"end":{"line":29,"column":1}},"2":{"start":{"line":4,"column":4},"end":{"line":4,"column":20}},"3":{"start":{"line":5,"column":4},"end":{"line":5,"column":27}},"4":{"start":{"line":7,"column":46},"end":{"line":13,"column":6}},"5":{"start":{"line":15,"column":22},"end":{"line":15,"column":52}},"6":{"start":{"line":16,"column":24},"end":{"line":16,"column":59}},"7":{"start":{"line":17,"column":4},"end":{"line":27,"column":5}}},"fnMap":{"0":{"name":"(anonymous_0)","decl":{"start":{"line":2,"column":17},"end":{"line":2,"column":18}},"loc":{"start":{"line":2,"column":29},"end":{"line":29,"column":1}},"line":2},"1":{"name":"(anonymous_1)","decl":{"start":{"line":3,"column":12},"end":{"line":3,"column":13}},"loc":{"start":{"line":3,"column":64},"end":{"line":28,"column":3}},"line":3}},"branchMap":{"0":{"loc":{"start":{"line":4,"column":11},"end":{"line":4,"column":20}},"type":"binary-expr","locations":[{"start":{"line":4,"column":11},"end":{"line":4,"column":15}},{"start":{"line":4,"column":19},"end":{"line":4,"column":20}}],"line":4},"1":{"loc":{"start":{"line":5,"column":14},"end":{"line":5,"column":27}},"type":"binary-expr","locations":[{"start":{"line":5,"column":14},"end":{"line":5,"column":21}},{"start":{"line":5,"column":25},"end":{"line":5,"column":27}}],"line":5},"2":{"loc":{"start":{"line":16,"column":24},"end":{"line":16,"column":59}},"type":"cond-expr","locations":[{"start":{"line":16,"column":43},"end":{"line":16,"column":52}},{"start":{"line":16,"column":55},"end":{"line":16,"column":59}}],"line":16}},"s":{"0":4,"1":6,"2":48,"3":48,"4":48,"5":48,"6":48,"7":48},"f":{"0":6,"1":48},"b":{"0":[48,0],"1":[48,0],"2":[36,12]},"_coverageSchema":"1a1c01bbd47fc00a2c39e90264f33305004495a9","hash":"95af44b2324cdb05e70e5007595bd26e7b556478"}
,"/app/apis/mercury/src/controllers/users.js": {"path":"/app/apis/mercury/src/controllers/users.js","statementMap":{"0":{"start":{"line":2,"column":2},"end":{"line":2,"column":28}},"1":{"start":{"line":6,"column":2},"end":{"line":6,"column":46}},"2":{"start":{"line":6,"column":13},"end":{"line":6,"column":46}},"3":{"start":{"line":7,"column":2},"end":{"line":7,"column":55}},"4":{"start":{"line":7,"column":16},"end":{"line":7,"column":55}},"5":{"start":{"line":8,"column":2},"end":{"line":8,"column":55}},"6":{"start":{"line":8,"column":16},"end":{"line":8,"column":55}},"7":{"start":{"line":9,"column":2},"end":{"line":9,"column":35}},"8":{"start":{"line":12,"column":0},"end":{"line":15,"column":1}}},"fnMap":{"0":{"name":"show","decl":{"start":{"line":1,"column":15},"end":{"line":1,"column":19}},"loc":{"start":{"line":1,"column":36},"end":{"line":3,"column":1}},"line":1},"1":{"name":"update","decl":{"start":{"line":5,"column":15},"end":{"line":5,"column":21}},"loc":{"start":{"line":5,"column":62},"end":{"line":10,"column":1}},"line":5}},"branchMap":{"0":{"loc":{"start":{"line":6,"column":2},"end":{"line":6,"column":46}},"type":"if","locations":[{"start":{"line":6,"column":2},"end":{"line":6,"column":46}},{"start":{"line":6,"column":2},"end":{"line":6,"column":46}}],"line":6},"1":{"loc":{"start":{"line":7,"column":2},"end":{"line":7,"column":55}},"type":"if","locations":[{"start":{"line":7,"column":2},"end":{"line":7,"column":55}},{"start":{"line":7,"column":2},"end":{"line":7,"column":55}}],"line":7},"2":{"loc":{"start":{"line":8,"column":2},"end":{"line":8,"column":55}},"type":"if","locations":[{"start":{"line":8,"column":2},"end":{"line":8,"column":55}},{"start":{"line":8,"column":2},"end":{"line":8,"column":55}}],"line":8}},"s":{"0":2,"1":1,"2":1,"3":1,"4":0,"5":1,"6":0,"7":1,"8":3},"f":{"0":2,"1":1},"b":{"0":[1,0],"1":[0,1],"2":[0,1]},"_coverageSchema":"1a1c01bbd47fc00a2c39e90264f33305004495a9","hash":"d0dfb65668d3fd04c16ae36e869cfefd13cb4c0a"}
,"/app/apis/mercury/src/db/models/index.js": {"path":"/app/apis/mercury/src/db/models/index.js","statementMap":{"0":{"start":{"line":3,"column":11},"end":{"line":3,"column":24}},"1":{"start":{"line":4,"column":13},"end":{"line":4,"column":28}},"2":{"start":{"line":5,"column":18},"end":{"line":5,"column":38}},"3":{"start":{"line":6,"column":17},"end":{"line":6,"column":42}},"4":{"start":{"line":7,"column":12},"end":{"line":7,"column":49}},"5":{"start":{"line":8,"column":15},"end":{"line":8,"column":65}},"6":{"start":{"line":9,"column":11},"end":{"line":9,"column":13}},"7":{"start":{"line":12,"column":0},"end":{"line":21,"column":1}},"8":{"start":{"line":13,"column":2},"end":{"line":13,"column":73}},"9":{"start":{"line":15,"column":2},"end":{"line":20,"column":3}},"10":{"start":{"line":23,"column":0},"end":{"line":35,"column":4}},"11":{"start":{"line":25,"column":4},"end":{"line":27,"column":5}},"12":{"start":{"line":30,"column":18},"end":{"line":33,"column":5}},"13":{"start":{"line":34,"column":4},"end":{"line":34,"column":26}},"14":{"start":{"line":37,"column":0},"end":{"line":41,"column":2}},"15":{"start":{"line":38,"column":2},"end":{"line":40,"column":3}},"16":{"start":{"line":39,"column":4},"end":{"line":39,"column":31}},"17":{"start":{"line":43,"column":0},"end":{"line":43,"column":24}},"18":{"start":{"line":44,"column":0},"end":{"line":44,"column":24}},"19":{"start":{"line":46,"column":0},"end":{"line":46,"column":19}}},"fnMap":{"0":{"name":"(anonymous_0)","decl":{"start":{"line":24,"column":10},"end":{"line":24,"column":11}},"loc":{"start":{"line":24,"column":20},"end":{"line":28,"column":3}},"line":24},"1":{"name":"(anonymous_1)","decl":{"start":{"line":29,"column":11},"end":{"line":29,"column":12}},"loc":{"start":{"line":29,"column":21},"end":{"line":35,"column":3}},"line":29},"2":{"name":"(anonymous_2)","decl":{"start":{"line":37,"column":24},"end":{"line":37,"column":25}},"loc":{"start":{"line":37,"column":39},"end":{"line":41,"column":1}},"line":37}},"branchMap":{"0":{"loc":{"start":{"line":7,"column":12},"end":{"line":7,"column":49}},"type":"binary-expr","locations":[{"start":{"line":7,"column":12},"end":{"line":7,"column":32}},{"start":{"line":7,"column":36},"end":{"line":7,"column":49}}],"line":7},"1":{"loc":{"start":{"line":12,"column":0},"end":{"line":21,"column":1}},"type":"if","locations":[{"start":{"line":12,"column":0},"end":{"line":21,"column":1}},{"start":{"line":12,"column":0},"end":{"line":21,"column":1}}],"line":12},"2":{"loc":{"start":{"line":26,"column":6},"end":{"line":26,"column":78}},"type":"binary-expr","locations":[{"start":{"line":26,"column":6},"end":{"line":26,"column":29}},{"start":{"line":26,"column":33},"end":{"line":26,"column":50}},{"start":{"line":26,"column":54},"end":{"line":26,"column":78}}],"line":26},"3":{"loc":{"start":{"line":38,"column":2},"end":{"line":40,"column":3}},"type":"if","locations":[{"start":{"line":38,"column":2},"end":{"line":40,"column":3}},{"start":{"line":38,"column":2},"end":{"line":40,"column":3}}],"line":38}},"s":{"0":8,"1":8,"2":8,"3":8,"4":8,"5":8,"6":8,"7":8,"8":0,"9":8,"10":8,"11":32,"12":24,"13":24,"14":8,"15":24,"16":24,"17":8,"18":8,"19":8},"f":{"0":32,"1":24,"2":24},"b":{"0":[8,0],"1":[0,8],"2":[32,32,24],"3":[24,0]},"_coverageSchema":"1a1c01bbd47fc00a2c39e90264f33305004495a9","hash":"d26235d4049eecf16dc7dc57bbd0e368041ce809"}
,"/app/apis/mercury/src/db/models/processingstep.js": {"path":"/app/apis/mercury/src/db/models/processingstep.js","statementMap":{"0":{"start":{"line":3,"column":18},"end":{"line":3,"column":38}},"1":{"start":{"line":4,"column":0},"end":{"line":60,"column":1}},"2":{"start":{"line":13,"column":6},"end":{"line":17,"column":8}},"3":{"start":{"line":19,"column":6},"end":{"line":22,"column":8}},"4":{"start":{"line":24,"column":6},"end":{"line":28,"column":8}},"5":{"start":{"line":32,"column":6},"end":{"line":32,"column":36}},"6":{"start":{"line":35,"column":6},"end":{"line":35,"column":30}},"7":{"start":{"line":38,"column":6},"end":{"line":38,"column":32}},"8":{"start":{"line":41,"column":2},"end":{"line":57,"column":3}},"9":{"start":{"line":59,"column":2},"end":{"line":59,"column":23}}},"fnMap":{"0":{"name":"(anonymous_0)","decl":{"start":{"line":4,"column":17},"end":{"line":4,"column":18}},"loc":{"start":{"line":4,"column":43},"end":{"line":60,"column":1}},"line":4},"1":{"name":"(anonymous_1)","decl":{"start":{"line":11,"column":4},"end":{"line":11,"column":5}},"loc":{"start":{"line":11,"column":29},"end":{"line":29,"column":5}},"line":11},"2":{"name":"(anonymous_2)","decl":{"start":{"line":31,"column":4},"end":{"line":31,"column":5}},"loc":{"start":{"line":31,"column":24},"end":{"line":33,"column":5}},"line":31},"3":{"name":"(anonymous_3)","decl":{"start":{"line":34,"column":4},"end":{"line":34,"column":5}},"loc":{"start":{"line":34,"column":18},"end":{"line":36,"column":5}},"line":34},"4":{"name":"(anonymous_4)","decl":{"start":{"line":37,"column":4},"end":{"line":37,"column":5}},"loc":{"start":{"line":37,"column":20},"end":{"line":39,"column":5}},"line":37}},"branchMap":{},"s":{"0":8,"1":8,"2":8,"3":8,"4":8,"5":1,"6":5,"7":3,"8":8,"9":8},"f":{"0":8,"1":8,"2":1,"3":5,"4":3},"b":{},"_coverageSchema":"1a1c01bbd47fc00a2c39e90264f33305004495a9","hash":"e7eae71d7185c2c1f3b8d8dde76634c79f365b51"}
,"/app/apis/mercury/src/db/models/request.js": {"path":"/app/apis/mercury/src/db/models/request.js","statementMap":{"0":{"start":{"line":3,"column":20},"end":{"line":22,"column":1}},"1":{"start":{"line":24,"column":18},"end":{"line":24,"column":38}},"2":{"start":{"line":25,"column":0},"end":{"line":174,"column":1}},"3":{"start":{"line":34,"column":6},"end":{"line":38,"column":8}},"4":{"start":{"line":40,"column":6},"end":{"line":44,"column":8}},"5":{"start":{"line":46,"column":6},"end":{"line":51,"column":8}},"6":{"start":{"line":55,"column":31},"end":{"line":55,"column":54}},"7":{"start":{"line":56,"column":6},"end":{"line":56,"column":80}},"8":{"start":{"line":56,"column":29},"end":{"line":56,"column":80}},"9":{"start":{"line":59,"column":25},"end":{"line":59,"column":41}},"10":{"start":{"line":60,"column":6},"end":{"line":60,"column":45}},"11":{"start":{"line":60,"column":32},"end":{"line":60,"column":45}},"12":{"start":{"line":62,"column":6},"end":{"line":63,"column":55}},"13":{"start":{"line":63,"column":8},"end":{"line":63,"column":55}},"14":{"start":{"line":65,"column":6},"end":{"line":65,"column":15}},"15":{"start":{"line":72,"column":6},"end":{"line":89,"column":8}},"16":{"start":{"line":82,"column":8},"end":{"line":88,"column":9}},"17":{"start":{"line":83,"column":10},"end":{"line":83,"column":35}},"18":{"start":{"line":84,"column":10},"end":{"line":84,"column":40}},"19":{"start":{"line":85,"column":10},"end":{"line":85,"column":45}},"20":{"start":{"line":86,"column":10},"end":{"line":86,"column":21}},"21":{"start":{"line":87,"column":10},"end":{"line":87,"column":21}},"22":{"start":{"line":93,"column":6},"end":{"line":96,"column":8}},"23":{"start":{"line":94,"column":8},"end":{"line":94,"column":29}},"24":{"start":{"line":94,"column":18},"end":{"line":94,"column":29}},"25":{"start":{"line":95,"column":8},"end":{"line":95,"column":43}},"26":{"start":{"line":100,"column":6},"end":{"line":100,"column":36}},"27":{"start":{"line":104,"column":26},"end":{"line":107,"column":7}},"28":{"start":{"line":108,"column":6},"end":{"line":116,"column":58}},"29":{"start":{"line":109,"column":8},"end":{"line":115,"column":9}},"30":{"start":{"line":116,"column":11},"end":{"line":116,"column":58}},"31":{"start":{"line":116,"column":28},"end":{"line":116,"column":58}},"32":{"start":{"line":117,"column":6},"end":{"line":117,"column":15}},"33":{"start":{"line":121,"column":19},"end":{"line":129,"column":7}},"34":{"start":{"line":130,"column":6},"end":{"line":132,"column":50}},"35":{"start":{"line":131,"column":25},"end":{"line":131,"column":48}},"36":{"start":{"line":132,"column":27},"end":{"line":132,"column":48}},"37":{"start":{"line":134,"column":6},"end":{"line":134,"column":24}},"38":{"start":{"line":138,"column":2},"end":{"line":167,"column":3}},"39":{"start":{"line":169,"column":2},"end":{"line":171,"column":4}},"40":{"start":{"line":170,"column":4},"end":{"line":170,"column":26}},"41":{"start":{"line":173,"column":2},"end":{"line":173,"column":16}}},"fnMap":{"0":{"name":"(anonymous_0)","decl":{"start":{"line":25,"column":17},"end":{"line":25,"column":18}},"loc":{"start":{"line":25,"column":43},"end":{"line":174,"column":1}},"line":25},"1":{"name":"(anonymous_1)","decl":{"start":{"line":32,"column":4},"end":{"line":32,"column":5}},"loc":{"start":{"line":32,"column":29},"end":{"line":52,"column":5}},"line":32},"2":{"name":"(anonymous_2)","decl":{"start":{"line":54,"column":4},"end":{"line":54,"column":5}},"loc":{"start":{"line":54,"column":24},"end":{"line":66,"column":5}},"line":54},"3":{"name":"(anonymous_3)","decl":{"start":{"line":68,"column":4},"end":{"line":68,"column":5}},"loc":{"start":{"line":71,"column":6},"end":{"line":90,"column":5}},"line":71},"4":{"name":"(anonymous_4)","decl":{"start":{"line":81,"column":14},"end":{"line":81,"column":15}},"loc":{"start":{"line":81,"column":24},"end":{"line":89,"column":7}},"line":81},"5":{"name":"(anonymous_5)","decl":{"start":{"line":92,"column":4},"end":{"line":92,"column":5}},"loc":{"start":{"line":92,"column":20},"end":{"line":97,"column":5}},"line":92},"6":{"name":"(anonymous_6)","decl":{"start":{"line":93,"column":38},"end":{"line":93,"column":39}},"loc":{"start":{"line":93,"column":48},"end":{"line":96,"column":7}},"line":93},"7":{"name":"(anonymous_7)","decl":{"start":{"line":99,"column":4},"end":{"line":99,"column":5}},"loc":{"start":{"line":99,"column":24},"end":{"line":101,"column":5}},"line":99},"8":{"name":"(anonymous_8)","decl":{"start":{"line":103,"column":4},"end":{"line":103,"column":5}},"loc":{"start":{"line":103,"column":16},"end":{"line":118,"column":5}},"line":103},"9":{"name":"(anonymous_9)","decl":{"start":{"line":120,"column":4},"end":{"line":120,"column":5}},"loc":{"start":{"line":120,"column":23},"end":{"line":135,"column":5}},"line":120},"10":{"name":"(anonymous_10)","decl":{"start":{"line":131,"column":16},"end":{"line":131,"column":17}},"loc":{"start":{"line":131,"column":25},"end":{"line":131,"column":48}},"line":131},"11":{"name":"(anonymous_11)","decl":{"start":{"line":132,"column":17},"end":{"line":132,"column":18}},"loc":{"start":{"line":132,"column":27},"end":{"line":132,"column":48}},"line":132},"12":{"name":"(anonymous_12)","decl":{"start":{"line":169,"column":34},"end":{"line":169,"column":35}},"loc":{"start":{"line":169,"column":56},"end":{"line":171,"column":3}},"line":169}},"branchMap":{"0":{"loc":{"start":{"line":56,"column":6},"end":{"line":56,"column":80}},"type":"if","locations":[{"start":{"line":56,"column":6},"end":{"line":56,"column":80}},{"start":{"line":56,"column":6},"end":{"line":56,"column":80}}],"line":56},"1":{"loc":{"start":{"line":60,"column":6},"end":{"line":60,"column":45}},"type":"if","locations":[{"start":{"line":60,"column":6},"end":{"line":60,"column":45}},{"start":{"line":60,"column":6},"end":{"line":60,"column":45}}],"line":60},"2":{"loc":{"start":{"line":62,"column":6},"end":{"line":63,"column":55}},"type":"if","locations":[{"start":{"line":62,"column":6},"end":{"line":63,"column":55}},{"start":{"line":62,"column":6},"end":{"line":63,"column":55}}],"line":62},"3":{"loc":{"start":{"line":74,"column":14},"end":{"line":74,"column":30}},"type":"binary-expr","locations":[{"start":{"line":74,"column":14},"end":{"line":74,"column":18}},{"start":{"line":74,"column":22},"end":{"line":74,"column":30}}],"line":74},"4":{"loc":{"start":{"line":75,"column":14},"end":{"line":75,"column":28}},"type":"binary-expr","locations":[{"start":{"line":75,"column":14},"end":{"line":75,"column":18}},{"start":{"line":75,"column":22},"end":{"line":75,"column":28}}],"line":75},"5":{"loc":{"start":{"line":82,"column":8},"end":{"line":88,"column":9}},"type":"if","locations":[{"start":{"line":82,"column":8},"end":{"line":88,"column":9}},{"start":{"line":82,"column":8},"end":{"line":88,"column":9}}],"line":82},"6":{"loc":{"start":{"line":94,"column":8},"end":{"line":94,"column":29}},"type":"if","locations":[{"start":{"line":94,"column":8},"end":{"line":94,"column":29}},{"start":{"line":94,"column":8},"end":{"line":94,"column":29}}],"line":94},"7":{"loc":{"start":{"line":104,"column":26},"end":{"line":107,"column":7}},"type":"binary-expr","locations":[{"start":{"line":104,"column":26},"end":{"line":104,"column":39}},{"start":{"line":104,"column":43},"end":{"line":107,"column":7}}],"line":104},"8":{"loc":{"start":{"line":108,"column":6},"end":{"line":116,"column":58}},"type":"if","locations":[{"start":{"line":108,"column":6},"end":{"line":116,"column":58}},{"start":{"line":108,"column":6},"end":{"line":116,"column":58}}],"line":108},"9":{"loc":{"start":{"line":116,"column":11},"end":{"line":116,"column":58}},"type":"if","locations":[{"start":{"line":116,"column":11},"end":{"line":116,"column":58}},{"start":{"line":116,"column":11},"end":{"line":116,"column":58}}],"line":116}},"s":{"0":8,"1":8,"2":8,"3":8,"4":8,"5":8,"6":44,"7":44,"8":0,"9":44,"10":44,"11":22,"12":44,"13":0,"14":44,"15":27,"16":27,"17":27,"18":27,"19":27,"20":27,"21":27,"22":7,"23":7,"24":7,"25":0,"26":2,"27":0,"28":0,"29":0,"30":0,"31":0,"32":0,"33":3,"34":3,"35":21,"36":3,"37":3,"38":8,"39":8,"40":38,"41":8},"f":{"0":8,"1":8,"2":44,"3":27,"4":27,"5":7,"6":7,"7":2,"8":0,"9":3,"10":21,"11":3,"12":38},"b":{"0":[0,44],"1":[22,22],"2":[0,44],"3":[27,7],"4":[27,6],"5":[27,0],"6":[7,0],"7":[0,0],"8":[0,0],"9":[0,0]},"_coverageSchema":"1a1c01bbd47fc00a2c39e90264f33305004495a9","hash":"5b1650a578c28bddb21221875f8c261ec4af87e4"}
,"/app/apis/mercury/src/db/models/user.js": {"path":"/app/apis/mercury/src/db/models/user.js","statementMap":{"0":{"start":{"line":2,"column":18},"end":{"line":2,"column":38}},"1":{"start":{"line":4,"column":0},"end":{"line":60,"column":1}},"2":{"start":{"line":13,"column":6},"end":{"line":17,"column":8}},"3":{"start":{"line":18,"column":6},"end":{"line":22,"column":8}},"4":{"start":{"line":27,"column":6},"end":{"line":35,"column":8}},"5":{"start":{"line":28,"column":8},"end":{"line":33,"column":9}},"6":{"start":{"line":29,"column":10},"end":{"line":29,"column":39}},"7":{"start":{"line":29,"column":21},"end":{"line":29,"column":39}},"8":{"start":{"line":30,"column":10},"end":{"line":30,"column":48}},"9":{"start":{"line":30,"column":24},"end":{"line":30,"column":48}},"10":{"start":{"line":31,"column":10},"end":{"line":31,"column":21}},"11":{"start":{"line":32,"column":10},"end":{"line":32,"column":21}},"12":{"start":{"line":34,"column":8},"end":{"line":34,"column":53}},"13":{"start":{"line":39,"column":6},"end":{"line":39,"column":38}},"14":{"start":{"line":42,"column":6},"end":{"line":42,"column":38}},"15":{"start":{"line":46,"column":2},"end":{"line":57,"column":3}},"16":{"start":{"line":59,"column":2},"end":{"line":59,"column":13}}},"fnMap":{"0":{"name":"(anonymous_0)","decl":{"start":{"line":4,"column":17},"end":{"line":4,"column":18}},"loc":{"start":{"line":4,"column":43},"end":{"line":60,"column":1}},"line":4},"1":{"name":"(anonymous_1)","decl":{"start":{"line":11,"column":4},"end":{"line":11,"column":5}},"loc":{"start":{"line":11,"column":29},"end":{"line":23,"column":5}},"line":11},"2":{"name":"(anonymous_2)","decl":{"start":{"line":26,"column":4},"end":{"line":26,"column":5}},"loc":{"start":{"line":26,"column":59},"end":{"line":36,"column":5}},"line":26},"3":{"name":"(anonymous_3)","decl":{"start":{"line":27,"column":52},"end":{"line":27,"column":53}},"loc":{"start":{"line":27,"column":62},"end":{"line":35,"column":7}},"line":27},"4":{"name":"(anonymous_4)","decl":{"start":{"line":38,"column":4},"end":{"line":38,"column":5}},"loc":{"start":{"line":38,"column":26},"end":{"line":40,"column":5}},"line":38},"5":{"name":"(anonymous_5)","decl":{"start":{"line":41,"column":4},"end":{"line":41,"column":5}},"loc":{"start":{"line":41,"column":26},"end":{"line":43,"column":5}},"line":41}},"branchMap":{"0":{"loc":{"start":{"line":28,"column":8},"end":{"line":33,"column":9}},"type":"if","locations":[{"start":{"line":28,"column":8},"end":{"line":33,"column":9}},{"start":{"line":28,"column":8},"end":{"line":33,"column":9}}],"line":28},"1":{"loc":{"start":{"line":29,"column":10},"end":{"line":29,"column":39}},"type":"if","locations":[{"start":{"line":29,"column":10},"end":{"line":29,"column":39}},{"start":{"line":29,"column":10},"end":{"line":29,"column":39}}],"line":29},"2":{"loc":{"start":{"line":30,"column":10},"end":{"line":30,"column":48}},"type":"if","locations":[{"start":{"line":30,"column":10},"end":{"line":30,"column":48}},{"start":{"line":30,"column":10},"end":{"line":30,"column":48}}],"line":30}},"s":{"0":8,"1":8,"2":8,"3":8,"4":10,"5":10,"6":4,"7":1,"8":4,"9":1,"10":4,"11":4,"12":6,"13":1,"14":1,"15":8,"16":8},"f":{"0":8,"1":8,"2":10,"3":10,"4":1,"5":1},"b":{"0":[4,6],"1":[1,3],"2":[1,3]},"_coverageSchema":"1a1c01bbd47fc00a2c39e90264f33305004495a9","hash":"3c047fbc4d55c0a0a0d739a50e9ee5a8df20342d"}
,"/app/apis/mercury/src/graphql/resolvers.js": {"path":"/app/apis/mercury/src/graphql/resolvers.js","statementMap":{"0":{"start":{"line":2,"column":27},"end":{"line":2,"column":61}},"1":{"start":{"line":3,"column":34},"end":{"line":3,"column":75}},"2":{"start":{"line":4,"column":24},"end":{"line":4,"column":55}},"3":{"start":{"line":5,"column":24},"end":{"line":5,"column":50}},"4":{"start":{"line":7,"column":19},"end":{"line":11,"column":43}},"5":{"start":{"line":8,"column":2},"end":{"line":11,"column":43}},"6":{"start":{"line":11,"column":27},"end":{"line":11,"column":42}},"7":{"start":{"line":13,"column":23},"end":{"line":32,"column":1}},"8":{"start":{"line":14,"column":2},"end":{"line":14,"column":21}},"9":{"start":{"line":14,"column":15},"end":{"line":14,"column":21}},"10":{"start":{"line":15,"column":2},"end":{"line":20,"column":3}},"11":{"start":{"line":16,"column":4},"end":{"line":19,"column":6}},"12":{"start":{"line":22,"column":14},"end":{"line":22,"column":47}},"13":{"start":{"line":23,"column":16},"end":{"line":23,"column":61}},"14":{"start":{"line":26,"column":2},"end":{"line":26,"column":36}},"15":{"start":{"line":28,"column":2},"end":{"line":31,"column":4}},"16":{"start":{"line":34,"column":30},"end":{"line":48,"column":1}},"17":{"start":{"line":35,"column":2},"end":{"line":35,"column":21}},"18":{"start":{"line":35,"column":15},"end":{"line":35,"column":21}},"19":{"start":{"line":36,"column":16},"end":{"line":36,"column":57}},"20":{"start":{"line":37,"column":18},"end":{"line":39,"column":3}},"21":{"start":{"line":41,"column":2},"end":{"line":41,"column":43}},"22":{"start":{"line":42,"column":2},"end":{"line":42,"column":74}},"23":{"start":{"line":43,"column":2},"end":{"line":43,"column":78}},"24":{"start":{"line":44,"column":2},"end":{"line":47,"column":4}},"25":{"start":{"line":50,"column":0},"end":{"line":246,"column":1}},"26":{"start":{"line":55,"column":6},"end":{"line":55,"column":48}},"27":{"start":{"line":59,"column":6},"end":{"line":59,"column":52}},"28":{"start":{"line":63,"column":6},"end":{"line":63,"column":59}},"29":{"start":{"line":67,"column":6},"end":{"line":67,"column":41}},"30":{"start":{"line":73,"column":22},"end":{"line":73,"column":68}},"31":{"start":{"line":74,"column":6},"end":{"line":74,"column":54}},"32":{"start":{"line":75,"column":6},"end":{"line":75,"column":20}},"33":{"start":{"line":79,"column":22},"end":{"line":79,"column":68}},"34":{"start":{"line":80,"column":6},"end":{"line":80,"column":56}},"35":{"start":{"line":81,"column":6},"end":{"line":81,"column":20}},"36":{"start":{"line":85,"column":20},"end":{"line":85,"column":67}},"37":{"start":{"line":86,"column":6},"end":{"line":86,"column":56}},"38":{"start":{"line":87,"column":6},"end":{"line":87,"column":18}},"39":{"start":{"line":91,"column":32},"end":{"line":94,"column":7}},"40":{"start":{"line":96,"column":6},"end":{"line":96,"column":48}},"41":{"start":{"line":97,"column":6},"end":{"line":97,"column":50}},"42":{"start":{"line":99,"column":6},"end":{"line":99,"column":42}},"43":{"start":{"line":100,"column":6},"end":{"line":100,"column":20}},"44":{"start":{"line":104,"column":32},"end":{"line":104,"column":79}},"45":{"start":{"line":105,"column":6},"end":{"line":105,"column":48}},"46":{"start":{"line":106,"column":6},"end":{"line":106,"column":50}},"47":{"start":{"line":108,"column":6},"end":{"line":108,"column":42}},"48":{"start":{"line":109,"column":6},"end":{"line":109,"column":20}},"49":{"start":{"line":113,"column":32},"end":{"line":113,"column":79}},"50":{"start":{"line":114,"column":6},"end":{"line":114,"column":48}},"51":{"start":{"line":115,"column":6},"end":{"line":115,"column":50}},"52":{"start":{"line":117,"column":6},"end":{"line":117,"column":42}},"53":{"start":{"line":118,"column":6},"end":{"line":118,"column":20}},"54":{"start":{"line":122,"column":32},"end":{"line":125,"column":7}},"55":{"start":{"line":126,"column":6},"end":{"line":126,"column":48}},"56":{"start":{"line":127,"column":6},"end":{"line":127,"column":50}},"57":{"start":{"line":129,"column":6},"end":{"line":129,"column":42}},"58":{"start":{"line":130,"column":6},"end":{"line":130,"column":20}},"59":{"start":{"line":134,"column":32},"end":{"line":134,"column":78}},"60":{"start":{"line":135,"column":6},"end":{"line":135,"column":48}},"61":{"start":{"line":136,"column":6},"end":{"line":136,"column":50}},"62":{"start":{"line":138,"column":6},"end":{"line":138,"column":42}},"63":{"start":{"line":139,"column":6},"end":{"line":139,"column":20}},"64":{"start":{"line":143,"column":32},"end":{"line":143,"column":79}},"65":{"start":{"line":144,"column":6},"end":{"line":144,"column":48}},"66":{"start":{"line":145,"column":6},"end":{"line":145,"column":50}},"67":{"start":{"line":147,"column":6},"end":{"line":147,"column":42}},"68":{"start":{"line":148,"column":6},"end":{"line":148,"column":20}},"69":{"start":{"line":152,"column":32},"end":{"line":152,"column":78}},"70":{"start":{"line":153,"column":6},"end":{"line":153,"column":48}},"71":{"start":{"line":154,"column":6},"end":{"line":154,"column":50}},"72":{"start":{"line":156,"column":6},"end":{"line":156,"column":42}},"73":{"start":{"line":157,"column":6},"end":{"line":157,"column":20}},"74":{"start":{"line":161,"column":32},"end":{"line":161,"column":77}},"75":{"start":{"line":162,"column":6},"end":{"line":162,"column":48}},"76":{"start":{"line":163,"column":6},"end":{"line":163,"column":50}},"77":{"start":{"line":165,"column":6},"end":{"line":165,"column":42}},"78":{"start":{"line":166,"column":6},"end":{"line":166,"column":20}},"79":{"start":{"line":170,"column":32},"end":{"line":170,"column":78}},"80":{"start":{"line":171,"column":6},"end":{"line":171,"column":48}},"81":{"start":{"line":172,"column":6},"end":{"line":172,"column":50}},"82":{"start":{"line":174,"column":6},"end":{"line":174,"column":42}},"83":{"start":{"line":175,"column":6},"end":{"line":175,"column":20}},"84":{"start":{"line":179,"column":6},"end":{"line":179,"column":43}},"85":{"start":{"line":183,"column":19},"end":{"line":183,"column":72}},"86":{"start":{"line":184,"column":22},"end":{"line":184,"column":40}},"87":{"start":{"line":185,"column":6},"end":{"line":185,"column":52}},"88":{"start":{"line":186,"column":6},"end":{"line":186,"column":17}},"89":{"start":{"line":195,"column":20},"end":{"line":195,"column":35}},"90":{"start":{"line":196,"column":8},"end":{"line":196,"column":76}},"91":{"start":{"line":196,"column":40},"end":{"line":196,"column":76}},"92":{"start":{"line":198,"column":8},"end":{"line":198,"column":38}},"93":{"start":{"line":206,"column":20},"end":{"line":206,"column":37}},"94":{"start":{"line":207,"column":8},"end":{"line":207,"column":76}},"95":{"start":{"line":207,"column":40},"end":{"line":207,"column":76}},"96":{"start":{"line":209,"column":8},"end":{"line":209,"column":38}},"97":{"start":{"line":217,"column":8},"end":{"line":217,"column":50}},"98":{"start":{"line":224,"column":20},"end":{"line":224,"column":43}},"99":{"start":{"line":225,"column":8},"end":{"line":225,"column":72}},"100":{"start":{"line":225,"column":28},"end":{"line":225,"column":72}},"101":{"start":{"line":226,"column":8},"end":{"line":227,"column":56}},"102":{"start":{"line":227,"column":10},"end":{"line":227,"column":56}},"103":{"start":{"line":229,"column":8},"end":{"line":229,"column":38}},"104":{"start":{"line":237,"column":20},"end":{"line":237,"column":45}},"105":{"start":{"line":238,"column":8},"end":{"line":238,"column":72}},"106":{"start":{"line":238,"column":28},"end":{"line":238,"column":72}},"107":{"start":{"line":239,"column":8},"end":{"line":240,"column":56}},"108":{"start":{"line":240,"column":10},"end":{"line":240,"column":56}},"109":{"start":{"line":242,"column":8},"end":{"line":242,"column":38}}},"fnMap":{"0":{"name":"(anonymous_0)","decl":{"start":{"line":7,"column":19},"end":{"line":7,"column":20}},"loc":{"start":{"line":8,"column":2},"end":{"line":11,"column":43}},"line":8},"1":{"name":"(anonymous_1)","decl":{"start":{"line":11,"column":20},"end":{"line":11,"column":21}},"loc":{"start":{"line":11,"column":27},"end":{"line":11,"column":42}},"line":11},"2":{"name":"(anonymous_2)","decl":{"start":{"line":13,"column":23},"end":{"line":13,"column":24}},"loc":{"start":{"line":13,"column":52},"end":{"line":32,"column":1}},"line":13},"3":{"name":"(anonymous_3)","decl":{"start":{"line":34,"column":30},"end":{"line":34,"column":31}},"loc":{"start":{"line":34,"column":56},"end":{"line":48,"column":1}},"line":34},"4":{"name":"(anonymous_4)","decl":{"start":{"line":54,"column":4},"end":{"line":54,"column":5}},"loc":{"start":{"line":54,"column":40},"end":{"line":56,"column":5}},"line":54},"5":{"name":"(anonymous_5)","decl":{"start":{"line":58,"column":4},"end":{"line":58,"column":5}},"loc":{"start":{"line":58,"column":41},"end":{"line":60,"column":5}},"line":58},"6":{"name":"(anonymous_6)","decl":{"start":{"line":62,"column":4},"end":{"line":62,"column":5}},"loc":{"start":{"line":62,"column":48},"end":{"line":64,"column":5}},"line":62},"7":{"name":"(anonymous_7)","decl":{"start":{"line":66,"column":4},"end":{"line":66,"column":5}},"loc":{"start":{"line":66,"column":42},"end":{"line":68,"column":5}},"line":66},"8":{"name":"(anonymous_8)","decl":{"start":{"line":72,"column":4},"end":{"line":72,"column":5}},"loc":{"start":{"line":72,"column":46},"end":{"line":76,"column":5}},"line":72},"9":{"name":"(anonymous_9)","decl":{"start":{"line":78,"column":4},"end":{"line":78,"column":5}},"loc":{"start":{"line":78,"column":46},"end":{"line":82,"column":5}},"line":78},"10":{"name":"(anonymous_10)","decl":{"start":{"line":84,"column":4},"end":{"line":84,"column":5}},"loc":{"start":{"line":84,"column":47},"end":{"line":88,"column":5}},"line":84},"11":{"name":"(anonymous_11)","decl":{"start":{"line":90,"column":4},"end":{"line":90,"column":5}},"loc":{"start":{"line":90,"column":63},"end":{"line":101,"column":5}},"line":90},"12":{"name":"(anonymous_12)","decl":{"start":{"line":103,"column":4},"end":{"line":103,"column":5}},"loc":{"start":{"line":103,"column":55},"end":{"line":110,"column":5}},"line":103},"13":{"name":"(anonymous_13)","decl":{"start":{"line":112,"column":4},"end":{"line":112,"column":5}},"loc":{"start":{"line":112,"column":55},"end":{"line":119,"column":5}},"line":112},"14":{"name":"(anonymous_14)","decl":{"start":{"line":121,"column":4},"end":{"line":121,"column":5}},"loc":{"start":{"line":121,"column":60},"end":{"line":131,"column":5}},"line":121},"15":{"name":"(anonymous_15)","decl":{"start":{"line":133,"column":4},"end":{"line":133,"column":5}},"loc":{"start":{"line":133,"column":54},"end":{"line":140,"column":5}},"line":133},"16":{"name":"(anonymous_16)","decl":{"start":{"line":142,"column":4},"end":{"line":142,"column":5}},"loc":{"start":{"line":142,"column":55},"end":{"line":149,"column":5}},"line":142},"17":{"name":"(anonymous_17)","decl":{"start":{"line":151,"column":4},"end":{"line":151,"column":5}},"loc":{"start":{"line":151,"column":54},"end":{"line":158,"column":5}},"line":151},"18":{"name":"(anonymous_18)","decl":{"start":{"line":160,"column":4},"end":{"line":160,"column":5}},"loc":{"start":{"line":160,"column":53},"end":{"line":167,"column":5}},"line":160},"19":{"name":"(anonymous_19)","decl":{"start":{"line":169,"column":4},"end":{"line":169,"column":5}},"loc":{"start":{"line":169,"column":54},"end":{"line":176,"column":5}},"line":169},"20":{"name":"(anonymous_20)","decl":{"start":{"line":178,"column":4},"end":{"line":178,"column":5}},"loc":{"start":{"line":178,"column":61},"end":{"line":180,"column":5}},"line":178},"21":{"name":"(anonymous_21)","decl":{"start":{"line":182,"column":4},"end":{"line":182,"column":5}},"loc":{"start":{"line":182,"column":68},"end":{"line":187,"column":5}},"line":182},"22":{"name":"(anonymous_22)","decl":{"start":{"line":194,"column":17},"end":{"line":194,"column":18}},"loc":{"start":{"line":194,"column":74},"end":{"line":199,"column":7}},"line":194},"23":{"name":"(anonymous_23)","decl":{"start":{"line":205,"column":17},"end":{"line":205,"column":18}},"loc":{"start":{"line":205,"column":74},"end":{"line":210,"column":7}},"line":205},"24":{"name":"(anonymous_24)","decl":{"start":{"line":216,"column":17},"end":{"line":216,"column":18}},"loc":{"start":{"line":217,"column":8},"end":{"line":217,"column":50}},"line":217},"25":{"name":"(anonymous_25)","decl":{"start":{"line":223,"column":17},"end":{"line":223,"column":18}},"loc":{"start":{"line":223,"column":73},"end":{"line":230,"column":7}},"line":223},"26":{"name":"(anonymous_26)","decl":{"start":{"line":236,"column":17},"end":{"line":236,"column":18}},"loc":{"start":{"line":236,"column":73},"end":{"line":243,"column":7}},"line":236}},"branchMap":{"0":{"loc":{"start":{"line":14,"column":2},"end":{"line":14,"column":21}},"type":"if","locations":[{"start":{"line":14,"column":2},"end":{"line":14,"column":21}},{"start":{"line":14,"column":2},"end":{"line":14,"column":21}}],"line":14},"1":{"loc":{"start":{"line":15,"column":2},"end":{"line":20,"column":3}},"type":"if","locations":[{"start":{"line":15,"column":2},"end":{"line":20,"column":3}},{"start":{"line":15,"column":2},"end":{"line":20,"column":3}}],"line":15},"2":{"loc":{"start":{"line":35,"column":2},"end":{"line":35,"column":21}},"type":"if","locations":[{"start":{"line":35,"column":2},"end":{"line":35,"column":21}},{"start":{"line":35,"column":2},"end":{"line":35,"column":21}}],"line":35},"3":{"loc":{"start":{"line":196,"column":8},"end":{"line":196,"column":76}},"type":"if","locations":[{"start":{"line":196,"column":8},"end":{"line":196,"column":76}},{"start":{"line":196,"column":8},"end":{"line":196,"column":76}}],"line":196},"4":{"loc":{"start":{"line":207,"column":8},"end":{"line":207,"column":76}},"type":"if","locations":[{"start":{"line":207,"column":8},"end":{"line":207,"column":76}},{"start":{"line":207,"column":8},"end":{"line":207,"column":76}}],"line":207},"5":{"loc":{"start":{"line":225,"column":8},"end":{"line":225,"column":72}},"type":"if","locations":[{"start":{"line":225,"column":8},"end":{"line":225,"column":72}},{"start":{"line":225,"column":8},"end":{"line":225,"column":72}}],"line":225},"6":{"loc":{"start":{"line":226,"column":8},"end":{"line":227,"column":56}},"type":"if","locations":[{"start":{"line":226,"column":8},"end":{"line":227,"column":56}},{"start":{"line":226,"column":8},"end":{"line":227,"column":56}}],"line":226},"7":{"loc":{"start":{"line":238,"column":8},"end":{"line":238,"column":72}},"type":"if","locations":[{"start":{"line":238,"column":8},"end":{"line":238,"column":72}},{"start":{"line":238,"column":8},"end":{"line":238,"column":72}}],"line":238},"8":{"loc":{"start":{"line":239,"column":8},"end":{"line":240,"column":56}},"type":"if","locations":[{"start":{"line":239,"column":8},"end":{"line":240,"column":56}},{"start":{"line":239,"column":8},"end":{"line":240,"column":56}}],"line":239}},"s":{"0":2,"1":2,"2":2,"3":2,"4":2,"5":21,"6":21,"7":2,"8":12,"9":0,"10":12,"11":1,"12":11,"13":11,"14":11,"15":11,"16":2,"17":10,"18":0,"19":10,"20":10,"21":10,"22":10,"23":10,"24":10,"25":2,"26":1,"27":5,"28":4,"29":1,"30":1,"31":1,"32":1,"33":1,"34":1,"35":1,"36":2,"37":1,"38":1,"39":2,"40":1,"41":1,"42":1,"43":1,"44":1,"45":1,"46":1,"47":1,"48":1,"49":1,"50":1,"51":1,"52":1,"53":1,"54":1,"55":1,"56":1,"57":1,"58":1,"59":1,"60":1,"61":1,"62":1,"63":1,"64":1,"65":1,"66":1,"67":1,"68":1,"69":1,"70":1,"71":1,"72":1,"73":1,"74":1,"75":1,"76":1,"77":1,"78":1,"79":1,"80":1,"81":1,"82":1,"83":1,"84":0,"85":1,"86":1,"87":1,"88":1,"89":0,"90":0,"91":0,"92":0,"93":0,"94":0,"95":0,"96":0,"97":0,"98":0,"99":0,"100":0,"101":0,"102":0,"103":0,"104":0,"105":0,"106":0,"107":0,"108":0,"109":0},"f":{"0":21,"1":21,"2":12,"3":10,"4":1,"5":5,"6":4,"7":1,"8":1,"9":1,"10":2,"11":2,"12":1,"13":1,"14":1,"15":1,"16":1,"17":1,"18":1,"19":1,"20":0,"21":1,"22":0,"23":0,"24":0,"25":0,"26":0},"b":{"0":[0,12],"1":[1,11],"2":[0,10],"3":[0,0],"4":[0,0],"5":[0,0],"6":[0,0],"7":[0,0],"8":[0,0]},"_coverageSchema":"1a1c01bbd47fc00a2c39e90264f33305004495a9","hash":"5bd3fb57053e967a4d8915155df02cede88cfbcd"}
,"/app/apis/mercury/src/graphql/schema.js": {"path":"/app/apis/mercury/src/graphql/schema.js","statementMap":{"0":{"start":{"line":2,"column":33},"end":{"line":2,"column":57}},"1":{"start":{"line":3,"column":18},"end":{"line":3,"column":40}},"2":{"start":{"line":4,"column":17},"end":{"line":4,"column":38}},"3":{"start":{"line":6,"column":15},"end":{"line":9,"column":2}},"4":{"start":{"line":11,"column":0},"end":{"line":11,"column":23}}},"fnMap":{},"branchMap":{},"s":{"0":1,"1":1,"2":1,"3":1,"4":1},"f":{},"b":{},"_coverageSchema":"1a1c01bbd47fc00a2c39e90264f33305004495a9","hash":"f9af9411d82a28df32dcc3146a156f3bf860870d"}
,"/app/apis/mercury/src/graphql/typeDefs.js": {"path":"/app/apis/mercury/src/graphql/typeDefs.js","statementMap":{"0":{"start":{"line":1,"column":0},"end":{"line":192,"column":1}}},"fnMap":{},"branchMap":{},"s":{"0":1},"f":{},"b":{},"_coverageSchema":"1a1c01bbd47fc00a2c39e90264f33305004495a9","hash":"166cc8ddf1119701ae49748d3583228af54791d7"}
,"/app/apis/mercury/src/lib/identityProvider.js": {"path":"/app/apis/mercury/src/lib/identityProvider.js","statementMap":{"0":{"start":{"line":1,"column":14},"end":{"line":1,"column":30}},"1":{"start":{"line":8,"column":24},"end":{"line":42,"column":4}},"2":{"start":{"line":9,"column":2},"end":{"line":42,"column":4}},"3":{"start":{"line":10,"column":4},"end":{"line":41,"column":12}},"4":{"start":{"line":24,"column":10},"end":{"line":28,"column":14}},"5":{"start":{"line":25,"column":12},"end":{"line":28,"column":14}},"6":{"start":{"line":30,"column":20},"end":{"line":30,"column":22}},"7":{"start":{"line":32,"column":10},"end":{"line":32,"column":56}},"8":{"start":{"line":32,"column":42},"end":{"line":32,"column":54}},"9":{"start":{"line":35,"column":10},"end":{"line":38,"column":12}},"10":{"start":{"line":36,"column":25},"end":{"line":36,"column":40}},"11":{"start":{"line":37,"column":12},"end":{"line":37,"column":31}},"12":{"start":{"line":44,"column":0},"end":{"line":44,"column":36}}},"fnMap":{"0":{"name":"(anonymous_0)","decl":{"start":{"line":8,"column":24},"end":{"line":8,"column":25}},"loc":{"start":{"line":9,"column":2},"end":{"line":42,"column":4}},"line":9},"1":{"name":"(anonymous_1)","decl":{"start":{"line":9,"column":14},"end":{"line":9,"column":15}},"loc":{"start":{"line":9,"column":35},"end":{"line":42,"column":3}},"line":9},"2":{"name":"(anonymous_2)","decl":{"start":{"line":23,"column":8},"end":{"line":23,"column":9}},"loc":{"start":{"line":23,"column":22},"end":{"line":39,"column":9}},"line":23},"3":{"name":"(anonymous_3)","decl":{"start":{"line":32,"column":30},"end":{"line":32,"column":31}},"loc":{"start":{"line":32,"column":42},"end":{"line":32,"column":54}},"line":32},"4":{"name":"(anonymous_4)","decl":{"start":{"line":35,"column":29},"end":{"line":35,"column":30}},"loc":{"start":{"line":35,"column":35},"end":{"line":38,"column":11}},"line":35}},"branchMap":{"0":{"loc":{"start":{"line":24,"column":10},"end":{"line":28,"column":14}},"type":"if","locations":[{"start":{"line":24,"column":10},"end":{"line":28,"column":14}},{"start":{"line":24,"column":10},"end":{"line":28,"column":14}}],"line":24}},"s":{"0":1,"1":1,"2":0,"3":0,"4":0,"5":0,"6":0,"7":0,"8":0,"9":0,"10":0,"11":0,"12":1},"f":{"0":0,"1":0,"2":0,"3":0,"4":0},"b":{"0":[0,0]},"_coverageSchema":"1a1c01bbd47fc00a2c39e90264f33305004495a9","hash":"f5860eddcd6449e8122a7b63c5ad86329712e8fa"}
}
