TN:
SF:config/db.js
FNF:0
FNH:0
DA:1,8
LF:1
LH:1
BRF:0
BRH:0
end_of_record
TN:
SF:src/errors.js
FN:2,(anonymous_0)
FN:15,(anonymous_1)
FN:21,(anonymous_2)
FNF:3
FNH:2
FNDA:5,(anonymous_0)
FNDA:0,(anonymous_1)
FNDA:3,(anonymous_2)
DA:3,5
DA:5,5
DA:6,5
DA:10,5
DA:16,0
DA:22,3
DA:26,3
LF:7
LH:6
BRF:0
BRH:0
end_of_record
TN:
SF:src/server.js
FN:26,(anonymous_0)
FN:31,(anonymous_1)
FN:45,(anonymous_2)
FN:65,(anonymous_3)
FN:77,(anonymous_4)
FN:89,(anonymous_5)
FN:102,(anonymous_6)
FN:115,(anonymous_7)
FNF:8
FNH:7
FNDA:2,(anonymous_0)
FNDA:3,(anonymous_1)
FNDA:1,(anonymous_2)
FNDA:1,(anonymous_3)
FNDA:0,(anonymous_4)
FNDA:3,(anonymous_5)
FNDA:1,(anonymous_6)
FNDA:1,(anonymous_7)
DA:2,1
DA:3,1
DA:5,1
DA:7,1
DA:10,1
DA:13,1
DA:16,1
DA:19,1
DA:22,1
DA:24,1
DA:26,1
DA:27,2
DA:28,2
DA:31,1
DA:32,3
DA:35,3
DA:36,1
DA:38,2
DA:39,0
DA:42,2
DA:46,1
DA:53,1
DA:57,1
DA:61,1
DA:65,1
DA:66,1
DA:68,1
DA:70,1
DA:78,0
DA:79,0
DA:81,0
DA:83,0
DA:90,3
DA:97,1
DA:102,1
DA:103,1
DA:115,1
DA:116,1
DA:119,1
LF:39
LH:34
BRDA:27,0,0,0
BRDA:27,0,1,2
BRDA:35,1,0,1
BRDA:35,1,1,2
BRDA:38,2,0,0
BRDA:38,2,1,2
BRDA:72,3,0,1
BRDA:72,3,1,1
BRDA:79,4,0,0
BRDA:79,4,1,0
BRF:10
BRH:6
end_of_record
TN:
SF:src/controllers/processingSteps.js
FN:6,index
FN:20,update
FNF:2
FNH:2
FNDA:9,index
FNDA:2,update
DA:1,3
DA:2,3
DA:4,3
DA:7,9
DA:8,9
DA:9,9
DA:13,9
DA:14,7
DA:17,9
DA:21,2
DA:22,2
DA:24,2
DA:25,0
DA:28,2
DA:30,2
DA:31,2
DA:32,2
DA:33,2
DA:35,2
DA:38,3
LF:20
LH:19
BRDA:8,0,0,9
BRDA:8,0,1,8
BRDA:9,1,0,9
BRDA:9,1,1,9
BRDA:13,2,0,7
BRDA:13,2,1,2
BRDA:22,3,0,0
BRDA:22,3,1,2
BRDA:24,4,0,0
BRDA:24,4,1,2
BRDA:30,5,0,0
BRDA:30,5,1,2
BRDA:31,6,0,0
BRDA:31,6,1,2
BRDA:32,7,0,2
BRDA:32,7,1,0
BRF:16
BRH:11
end_of_record
TN:
SF:src/controllers/requests.js
FN:8,(anonymous_0)
FN:26,index
FN:38,(anonymous_2)
FN:43,(anonymous_3)
FN:47,(anonymous_4)
FN:71,regions
FN:74,(anonymous_6)
FN:74,(anonymous_7)
FN:77,create
FN:110,update
FN:124,destroy
FN:138,startProcessing
FN:159,addNote
FN:178,process
FN:196,askRequester
FN:212,answer
FN:233,approve
FN:249,reject
FN:265,close
FN:281,reopen
FNF:20
FNH:18
FNDA:13,(anonymous_0)
FNDA:39,index
FNDA:273,(anonymous_2)
FNDA:0,(anonymous_3)
FNDA:0,(anonymous_4)
FNDA:1,regions
FNDA:1,(anonymous_6)
FNDA:2,(anonymous_7)
FNDA:5,create
FNDA:3,update
FNDA:4,destroy
FNDA:2,startProcessing
FNDA:1,addNote
FNDA:1,process
FNDA:1,askRequester
FNDA:1,answer
FNDA:1,approve
FNDA:1,reject
FNDA:1,close
FNDA:1,reopen
DA:2,3
DA:3,3
DA:4,3
DA:5,3
DA:6,3
DA:8,3
DA:9,13
DA:10,13
DA:11,13
DA:14,3
DA:24,3
DA:27,39
DA:28,39
DA:30,39
DA:31,39
DA:34,39
DA:35,21
DA:38,273
DA:39,39
DA:40,39
DA:42,39
DA:43,0
DA:47,39
DA:48,39
DA:49,39
DA:52,39
DA:53,0
DA:62,39
DA:72,1
DA:74,2
DA:81,5
DA:82,0
DA:85,5
DA:86,5
DA:97,5
DA:98,5
DA:99,2
DA:107,5
DA:111,3
DA:112,3
DA:113,3
DA:119,0
DA:121,3
DA:125,4
DA:127,4
DA:128,5
DA:129,2
DA:135,2
DA:142,2
DA:144,2
DA:145,1
DA:150,1
DA:156,1
DA:160,1
DA:161,1
DA:163,1
DA:164,0
DA:169,1
DA:175,1
DA:179,1
DA:181,1
DA:182,0
DA:187,1
DA:193,1
DA:197,1
DA:199,1
DA:200,0
DA:203,1
DA:209,1
DA:216,1
DA:217,1
DA:219,1
DA:220,0
DA:223,1
DA:230,1
DA:234,1
DA:236,1
DA:237,0
DA:240,1
DA:246,1
DA:250,1
DA:252,1
DA:253,0
DA:256,1
DA:262,1
DA:266,1
DA:268,1
DA:269,0
DA:272,1
DA:278,1
DA:282,1
DA:283,1
DA:285,1
DA:286,0
DA:289,1
DA:295,1
DA:298,3
LF:97
LH:85
BRDA:10,0,0,0
BRDA:10,0,1,13
BRDA:30,1,0,39
BRDA:30,1,1,39
BRDA:31,2,0,39
BRDA:31,2,1,39
BRDA:34,3,0,21
BRDA:34,3,1,18
BRDA:38,4,0,273
BRDA:38,4,1,28
BRDA:39,5,0,2
BRDA:39,5,1,37
BRDA:40,6,0,2
BRDA:40,6,1,37
BRDA:42,7,0,0
BRDA:42,7,1,39
BRDA:47,8,0,39
BRDA:47,8,1,0
BRDA:47,9,0,39
BRDA:47,9,1,0
BRDA:48,10,0,39
BRDA:48,10,1,39
BRDA:52,11,0,0
BRDA:52,11,1,39
BRDA:56,12,0,0
BRDA:56,12,1,0
BRDA:57,13,0,0
BRDA:57,13,1,0
BRDA:81,14,0,0
BRDA:81,14,1,5
BRDA:91,15,0,5
BRDA:91,15,1,1
BRDA:92,16,0,5
BRDA:92,16,1,1
BRDA:98,17,0,2
BRDA:98,17,1,3
BRDA:113,18,0,0
BRDA:113,18,1,3
BRDA:115,19,0,3
BRDA:115,19,1,3
BRDA:128,20,0,2
BRDA:128,20,1,3
BRDA:144,21,0,1
BRDA:144,21,1,1
BRDA:152,22,0,1
BRDA:152,22,1,1
BRDA:163,23,0,0
BRDA:163,23,1,1
BRDA:181,24,0,0
BRDA:181,24,1,1
BRDA:189,25,0,1
BRDA:189,25,1,1
BRDA:190,26,0,1
BRDA:190,26,1,1
BRDA:199,27,0,0
BRDA:199,27,1,1
BRDA:219,28,0,0
BRDA:219,28,1,1
BRDA:236,29,0,0
BRDA:236,29,1,1
BRDA:242,30,0,1
BRDA:242,30,1,1
BRDA:252,31,0,0
BRDA:252,31,1,1
BRDA:258,32,0,1
BRDA:258,32,1,1
BRDA:268,33,0,0
BRDA:268,33,1,1
BRDA:274,34,0,1
BRDA:274,34,1,1
BRDA:285,35,0,0
BRDA:285,35,1,1
BRDA:291,36,0,1
BRDA:291,36,1,1
BRF:74
BRH:55
end_of_record
TN:
SF:src/controllers/usePagination.js
FN:2,(anonymous_0)
FN:3,(anonymous_1)
FNF:2
FNH:2
FNDA:6,(anonymous_0)
FNDA:48,(anonymous_1)
DA:2,6
DA:4,48
DA:5,48
DA:7,48
DA:15,48
DA:16,48
DA:17,48
LF:7
LH:7
BRDA:4,0,0,48
BRDA:4,0,1,0
BRDA:5,1,0,48
BRDA:5,1,1,0
BRDA:16,2,0,36
BRDA:16,2,1,12
BRF:6
BRH:4
end_of_record
TN:
SF:src/controllers/users.js
FN:1,show
FN:5,update
FNF:2
FNH:2
FNDA:2,show
FNDA:1,update
DA:2,2
DA:6,1
DA:7,1
DA:8,1
DA:9,1
DA:12,3
LF:6
LH:6
BRDA:6,0,0,1
BRDA:6,0,1,0
BRDA:7,1,0,0
BRDA:7,1,1,1
BRDA:8,2,0,0
BRDA:8,2,1,1
BRF:6
BRH:3
end_of_record
TN:
SF:src/db/models/index.js
FN:24,(anonymous_0)
FN:29,(anonymous_1)
FN:37,(anonymous_2)
FNF:3
FNH:3
FNDA:32,(anonymous_0)
FNDA:24,(anonymous_1)
FNDA:24,(anonymous_2)
DA:3,8
DA:4,8
DA:5,8
DA:6,8
DA:7,8
DA:8,8
DA:9,8
DA:12,8
DA:13,0
DA:15,8
DA:23,8
DA:25,32
DA:30,24
DA:34,24
DA:37,8
DA:38,24
DA:39,24
DA:43,8
DA:44,8
DA:46,8
LF:20
LH:19
BRDA:7,0,0,8
BRDA:7,0,1,0
BRDA:12,1,0,0
BRDA:12,1,1,8
BRDA:26,2,0,32
BRDA:26,2,1,32
BRDA:26,2,2,24
BRDA:38,3,0,24
BRDA:38,3,1,0
BRF:9
BRH:6
end_of_record
TN:
SF:src/db/models/processingstep.js
FN:4,(anonymous_0)
FN:11,(anonymous_1)
FN:31,(anonymous_2)
FN:34,(anonymous_3)
FN:37,(anonymous_4)
FNF:5
FNH:5
FNDA:8,(anonymous_0)
FNDA:8,(anonymous_1)
FNDA:1,(anonymous_2)
FNDA:5,(anonymous_3)
FNDA:3,(anonymous_4)
DA:3,8
DA:4,8
DA:13,8
DA:19,8
DA:24,8
DA:32,1
DA:35,5
DA:38,3
DA:41,8
DA:59,8
LF:10
LH:10
BRF:0
BRH:0
end_of_record
TN:
SF:src/db/models/request.js
FN:25,(anonymous_0)
FN:32,(anonymous_1)
FN:54,(anonymous_2)
FN:68,(anonymous_3)
FN:81,(anonymous_4)
FN:92,(anonymous_5)
FN:93,(anonymous_6)
FN:99,(anonymous_7)
FN:103,(anonymous_8)
FN:120,(anonymous_9)
FN:131,(anonymous_10)
FN:132,(anonymous_11)
FN:169,(anonymous_12)
FNF:13
FNH:12
FNDA:8,(anonymous_0)
FNDA:8,(anonymous_1)
FNDA:44,(anonymous_2)
FNDA:27,(anonymous_3)
FNDA:27,(anonymous_4)
FNDA:7,(anonymous_5)
FNDA:7,(anonymous_6)
FNDA:2,(anonymous_7)
FNDA:0,(anonymous_8)
FNDA:3,(anonymous_9)
FNDA:21,(anonymous_10)
FNDA:3,(anonymous_11)
FNDA:38,(anonymous_12)
DA:3,8
DA:24,8
DA:25,8
DA:34,8
DA:40,8
DA:46,8
DA:55,44
DA:56,44
DA:59,44
DA:60,44
DA:62,44
DA:63,0
DA:65,44
DA:72,27
DA:82,27
DA:83,27
DA:84,27
DA:85,27
DA:86,27
DA:87,27
DA:93,7
DA:94,7
DA:95,0
DA:100,2
DA:104,0
DA:108,0
DA:109,0
DA:116,0
DA:117,0
DA:121,3
DA:130,3
DA:131,21
DA:132,3
DA:134,3
DA:138,8
DA:169,8
DA:170,38
DA:173,8
LF:38
LH:31
BRDA:56,0,0,0
BRDA:56,0,1,44
BRDA:60,1,0,22
BRDA:60,1,1,22
BRDA:62,2,0,0
BRDA:62,2,1,44
BRDA:74,3,0,27
BRDA:74,3,1,7
BRDA:75,4,0,27
BRDA:75,4,1,6
BRDA:82,5,0,27
BRDA:82,5,1,0
BRDA:94,6,0,7
BRDA:94,6,1,0
BRDA:104,7,0,0
BRDA:104,7,1,0
BRDA:108,8,0,0
BRDA:108,8,1,0
BRDA:116,9,0,0
BRDA:116,9,1,0
BRF:20
BRH:10
end_of_record
TN:
SF:src/db/models/user.js
FN:4,(anonymous_0)
FN:11,(anonymous_1)
FN:26,(anonymous_2)
FN:27,(anonymous_3)
FN:38,(anonymous_4)
FN:41,(anonymous_5)
FNF:6
FNH:6
FNDA:8,(anonymous_0)
FNDA:8,(anonymous_1)
FNDA:10,(anonymous_2)
FNDA:10,(anonymous_3)
FNDA:1,(anonymous_4)
FNDA:1,(anonymous_5)
DA:2,8
DA:4,8
DA:13,8
DA:18,8
DA:27,10
DA:28,10
DA:29,4
DA:30,4
DA:31,4
DA:32,4
DA:34,6
DA:39,1
DA:42,1
DA:46,8
DA:59,8
LF:15
LH:15
BRDA:28,0,0,4
BRDA:28,0,1,6
BRDA:29,1,0,1
BRDA:29,1,1,3
BRDA:30,2,0,1
BRDA:30,2,1,3
BRF:6
BRH:6
end_of_record
TN:
SF:src/graphql/resolvers.js
FN:7,(anonymous_0)
FN:11,(anonymous_1)
FN:13,(anonymous_2)
FN:34,(anonymous_3)
FN:54,(anonymous_4)
FN:58,(anonymous_5)
FN:62,(anonymous_6)
FN:66,(anonymous_7)
FN:72,(anonymous_8)
FN:78,(anonymous_9)
FN:84,(anonymous_10)
FN:90,(anonymous_11)
FN:103,(anonymous_12)
FN:112,(anonymous_13)
FN:121,(anonymous_14)
FN:133,(anonymous_15)
FN:142,(anonymous_16)
FN:151,(anonymous_17)
FN:160,(anonymous_18)
FN:169,(anonymous_19)
FN:178,(anonymous_20)
FN:182,(anonymous_21)
FN:194,(anonymous_22)
FN:205,(anonymous_23)
FN:216,(anonymous_24)
FN:223,(anonymous_25)
FN:236,(anonymous_26)
FNF:27
FNH:21
FNDA:21,(anonymous_0)
FNDA:21,(anonymous_1)
FNDA:12,(anonymous_2)
FNDA:10,(anonymous_3)
FNDA:1,(anonymous_4)
FNDA:5,(anonymous_5)
FNDA:4,(anonymous_6)
FNDA:1,(anonymous_7)
FNDA:1,(anonymous_8)
FNDA:1,(anonymous_9)
FNDA:2,(anonymous_10)
FNDA:2,(anonymous_11)
FNDA:1,(anonymous_12)
FNDA:1,(anonymous_13)
FNDA:1,(anonymous_14)
FNDA:1,(anonymous_15)
FNDA:1,(anonymous_16)
FNDA:1,(anonymous_17)
FNDA:1,(anonymous_18)
FNDA:1,(anonymous_19)
FNDA:0,(anonymous_20)
FNDA:1,(anonymous_21)
FNDA:0,(anonymous_22)
FNDA:0,(anonymous_23)
FNDA:0,(anonymous_24)
FNDA:0,(anonymous_25)
FNDA:0,(anonymous_26)
DA:2,2
DA:3,2
DA:4,2
DA:5,2
DA:7,2
DA:8,21
DA:11,21
DA:13,2
DA:14,12
DA:15,12
DA:16,1
DA:22,11
DA:23,11
DA:26,11
DA:28,11
DA:34,2
DA:35,10
DA:36,10
DA:37,10
DA:41,10
DA:42,10
DA:43,10
DA:44,10
DA:50,2
DA:55,1
DA:59,5
DA:63,4
DA:67,1
DA:73,1
DA:74,1
DA:75,1
DA:79,1
DA:80,1
DA:81,1
DA:85,2
DA:86,1
DA:87,1
DA:91,2
DA:96,1
DA:97,1
DA:99,1
DA:100,1
DA:104,1
DA:105,1
DA:106,1
DA:108,1
DA:109,1
DA:113,1
DA:114,1
DA:115,1
DA:117,1
DA:118,1
DA:122,1
DA:126,1
DA:127,1
DA:129,1
DA:130,1
DA:134,1
DA:135,1
DA:136,1
DA:138,1
DA:139,1
DA:143,1
DA:144,1
DA:145,1
DA:147,1
DA:148,1
DA:152,1
DA:153,1
DA:154,1
DA:156,1
DA:157,1
DA:161,1
DA:162,1
DA:163,1
DA:165,1
DA:166,1
DA:170,1
DA:171,1
DA:172,1
DA:174,1
DA:175,1
DA:179,0
DA:183,1
DA:184,1
DA:185,1
DA:186,1
DA:195,0
DA:196,0
DA:198,0
DA:206,0
DA:207,0
DA:209,0
DA:217,0
DA:224,0
DA:225,0
DA:226,0
DA:227,0
DA:229,0
DA:237,0
DA:238,0
DA:239,0
DA:240,0
DA:242,0
LF:104
LH:86
BRDA:14,0,0,0
BRDA:14,0,1,12
BRDA:15,1,0,1
BRDA:15,1,1,11
BRDA:35,2,0,0
BRDA:35,2,1,10
BRDA:196,3,0,0
BRDA:196,3,1,0
BRDA:207,4,0,0
BRDA:207,4,1,0
BRDA:225,5,0,0
BRDA:225,5,1,0
BRDA:226,6,0,0
BRDA:226,6,1,0
BRDA:238,7,0,0
BRDA:238,7,1,0
BRDA:239,8,0,0
BRDA:239,8,1,0
BRF:18
BRH:4
end_of_record
TN:
SF:src/graphql/schema.js
FNF:0
FNH:0
DA:2,1
DA:3,1
DA:4,1
DA:6,1
DA:11,1
LF:5
LH:5
BRF:0
BRH:0
end_of_record
TN:
SF:src/graphql/typeDefs.js
FNF:0
FNH:0
DA:1,1
LF:1
LH:1
BRF:0
BRH:0
end_of_record
TN:
SF:src/lib/identityProvider.js
FN:8,(anonymous_0)
FN:9,(anonymous_1)
FN:23,(anonymous_2)
FN:32,(anonymous_3)
FN:35,(anonymous_4)
FNF:5
FNH:0
FNDA:0,(anonymous_0)
FNDA:0,(anonymous_1)
FNDA:0,(anonymous_2)
FNDA:0,(anonymous_3)
FNDA:0,(anonymous_4)
DA:1,1
DA:8,1
DA:9,0
DA:10,0
DA:24,0
DA:25,0
DA:30,0
DA:32,0
DA:35,0
DA:36,0
DA:37,0
DA:44,1
LF:12
LH:3
BRDA:24,0,0,0
BRDA:24,0,1,0
BRF:2
BRH:0
end_of_record
